-------------------
FindExtremaAccuracyTest: start
N: 1000000
TYPE: CUBIC
TEST_MODE: DIST
Examining (trial #0), FAIL_BOTH, 0.0 2.63209572625E8 -4.700001119893978E8 0.0 
Cond number:	5.978515543436386E9	ulp: 9.5367431640625E-7
deltaMin:	3.7108295085507786E-8
deltaMax:	449.8445342626147
delta:	449.8445342626147
cond KO:	4.7169618235895544E8
----
coeffs:   [0, 789628717.875, -2989257771.71819305419921875, 2199629053.84319305419921875]
coeffs_d: [0.0, 7.89628717875E8, -2.989257771718193E9, 2.199629053843193E9]
coeffs[0]: Exp: 0                                       
coeffs[0]: Dbl: 0                                       
delta: 0.0 nUlp: 0.0
coeffs[1]: Exp: 789628717.875                           
coeffs[1]: Dbl: 789628717.875                           
delta: 0.0 nUlp: 0.0
coeffs[2]: Exp: -2989257771.71819305419921875           
coeffs[2]: Dbl: -2989257771.71819305419921875           
delta: 0.0 nUlp: 0.0
coeffs[3]: Exp: 2199629053.84319305419921875            
coeffs[3]: Dbl: 2199629053.84319305419921875            
delta: 0.0 nUlp: 0.0
dcoeff:   [789628717.875, -5978515543.4363861083984375, 6598887161.52957916259765625]
dcoeff_d: [7.89628717875E8, -5.978515543436386E9, 6.598887161529579E9]
dcoeff[0]: Exp: 789628717.875                           
dcoeff[0]: Dbl: 789628717.875                           
delta: 0.0 nUlp: 0.0
dcoeff[1]: Exp: -5978515543.4363861083984375            
dcoeff[1]: Dbl: -5978515543.4363861083984375            
delta: 0.0 nUlp: 0.0
dcoeff[2]: Exp: 6598887161.52957916259765625            
dcoeff[2]: Dbl: 6598887161.52957916259765625            
delta: 0.0 nUlp: 0.0
tExtrema:   [0.7454713624448268713241459, 0.161]
tExtrema_d: [0.7454713624448269, 0.16051708637880857]
tExtrema[0]: Exp: 0.7454713624448268713241459             
tExtrema[0]: Dbl: 0.745471362444826⑨237987574342696461826…
t: 0.7454713624448269 delta(t): -5.2474611534269646E-17 nUlp: -0.4726492819042966
tExtrema[1]: Exp: 0.161                                   
tExtrema[1]: Dbl: 0.16⓪5170863788085711121311760507524013…
t: 0.16051708637880857 delta(t): 4.829136211914289E-4 nUlp: 1.7398796835598848E13
xExtrema:   [-161307237.38928956523978007085935180351947937258981883971026623419219665344934916906185939788818359375, 58825343.01461949239452362060546875]
xExtrema_d: [-1.6130723738928953E8, 5.8825792859153755E7]
xExtrema[0]: Exp: -161307237.3892895652397800708593518035…
xExtrema[0]: Dbl: -161307237.3892895②81314849853515625    
x: -1.6130723738928953E8 delta(t): -3.7108295085507786E-8 nUlp: -1.2451477640826052
xExtrema[1]: Exp: 58825343.01461949239452362060546875     
xExtrema[1]: Dbl: 58825⑦92.859153755009174346923828125    
x: 5.8825792859153755E7 delta(t): -449.8445342626147 nUlp: -6.03771113419463E10
----
xExtrema bad:
Exp:	-161307237.3892895652397800708593518035…	58825343.01461949239452362060546875     
Orig:	-161307237.3892895②81314849853515625    	58825⑦92.859153755009174346923828125    
------------------------------------------------------------------------
