./test.sh 
openjdk version "17" 2021-09-14
OpenJDK Runtime Environment (build 17+35-2724)
OpenJDK 64-Bit Server VM (build 17+35-2724, mixed mode, sharing)
-------------------
FindExtremaAccuracyTest: start
N:         1000000
TYPE:      CUBIC
TEST_MODE: DIST
QUIET_RUN: true
DEBUG:     false
-------------------
offset value: 0.0
random scale: 10.0
Iteration 0 ---
Iteration 100000 ---
Iteration 200000 ---
Iteration 300000 ---
Iteration 400000 ---
Iteration 500000 ---
Iteration 600000 ---
Iteration 700000 ---
Iteration 800000 ---
Iteration 900000 ---
Test done ---
maxCond:       89.89785552523807
ulp(maxCond):  1.4210854715202004E-14
ratioCond:     0.5145345640787946
stats(cond) :  [1000000: µ=33.77291434584134 σ=19.74546969427223 (58.465400681962784 %) rms=53.518384040113574 min=0.03436640471198871 max=89.89785552523807 sum=3.377291434584134E7]
stats(ratio):  [1000000: µ=0.0763866313610874 σ=0.0670174435347816 (87.7345189081363 %) rms=0.143404074895869 min=1.4103420007715916E-8 max=0.5145345640787946 sum=76386.6313610874]
stats(ulp(x)): [1000000: µ=1.4937520740269594E7 σ=1.4886660747084566E10 (99659.51516272766 %) rms=1.4901598267824835E10 min=4.513094402469093E-7 max=1.4886636042236434E13 sum=1.4937520740269594E13]
result stats:
PASSING:	336744
FAIL_LEFT:	288392
FAIL_RIGHT:	288466
FAIL_BOTH:	86398
-------------------
offset value: 0.0
random scale: 1.0E-6
Iteration 0 ---
Iteration 100000 ---
Iteration 200000 ---
Iteration 300000 ---
Iteration 400000 ---
Iteration 500000 ---
Iteration 600000 ---
Iteration 700000 ---
Iteration 800000 ---
Iteration 900000 ---
Test done ---
maxCond:       8.989785552523807E-6
ulp(maxCond):  1.6940658945086007E-21
ratioCond:     0.5084539927125711
stats(cond) :  [1000000: µ=3.3772914345843357E-6 σ=1.974546969427241E-6 (58.46540068195982 %) rms=5.3518384040115765E-6 min=3.436640471198682E-9 max=8.989785552523807E-6 sum=3.3772914345843357]
stats(ratio):  [1000000: µ=0.07821537639904796 σ=0.06708824187857415 (85.77372502344788 %) rms=0.14530361827762212 min=6.499939073870965E-8 max=0.5084539927125711 sum=78215.37639904796]
stats(ulp(x)): [2000000: µ=6.196196597176646E7 σ=7.773423751982321E10 (125454.76293512626 %) rms=7.779619948579498E10 min=4.513094402469093E-7 max=1.0892020252338253E14 sum=1.239239319435329E14]
result stats:
PASSING:	337693
FAIL_LEFT:	287321
FAIL_RIGHT:	287805
FAIL_BOTH:	87181
-------------------
offset value: 0.0
random scale: 1000000.0
Iteration 0 ---
Iteration 100000 ---
Iteration 200000 ---
Iteration 300000 ---
Iteration 400000 ---
Iteration 500000 ---
Iteration 600000 ---
Iteration 700000 ---
Iteration 800000 ---
Iteration 900000 ---
Test done ---
maxCond:       8989785.552523807
ulp(maxCond):  1.862645149230957E-9
ratioCond:     0.48813173764507567
stats(cond) :  [1000000: µ=3377291.4345844793 σ=1974546.9694271754 (58.465400681955394 %) rms=5351838.404011655 min=3436.6404711987125 max=8989785.552523807 sum=3.3772914345844795E12]
stats(ratio):  [1000000: µ=0.07858740195322826 σ=0.06794405907757027 (86.45668057331577 %) rms=0.14653146103079853 min=1.1113372217999762E-7 max=0.48813173764507567 sum=78587.40195322825]
stats(ulp(x)): [3000000: µ=6.279500437694353E7 σ=7.356018349238785E10 (117143.36868395375 %) rms=7.362297849676479E10 min=4.513094402469093E-7 max=1.0892020252338253E14 sum=1.883850131308306E14]
result stats:
PASSING:	335567
FAIL_LEFT:	288295
FAIL_RIGHT:	289029
FAIL_BOTH:	87109
-------------------
offset value: 0.0
random scale: 1.0E9
Iteration 0 ---
Iteration 100000 ---
Iteration 200000 ---
Iteration 300000 ---
Iteration 400000 ---
Iteration 500000 ---
Iteration 600000 ---
Iteration 700000 ---
Iteration 800000 ---
Iteration 900000 ---
Test done ---
maxCond:       8.989785552523808E9
ulp(maxCond):  1.9073486328125E-6
ratioCond:     4.716961823684701E8
stats(cond) :  [1000000: µ=3.3772914345844855E9 σ=1.9745469694272182E9 (58.46540068195656 %) rms=5.3518384040117035E9 min=3436640.471198559 max=8.989785552523808E9 sum=3.3772914345844855E15]
stats(ratio):  [1000000: µ=471.7756426386708 σ=471696.182289366 (99983.15717427456 %) rms=472167.9579320047 min=3.037605636825805E-8 max=4.716961823684701E8 sum=4.717756426386708E8]
stats(ulp(x)): [4000000: µ=4.913617256372844E7 σ=6.383115705994125E10 (129906.65273562724 %) rms=6.388029323250498E10 min=2.430084509460644E-7 max=1.0892020252338253E14 sum=1.9654469025491375E14]
result stats:
PASSING:	336256
FAIL_LEFT:	288744
FAIL_RIGHT:	288644
FAIL_BOTH:	86356
-------------------
offset value: 1000000.0
random scale: 10.0
Iteration 0 ---
Iteration 100000 ---
Iteration 200000 ---
Iteration 300000 ---
Iteration 400000 ---
Iteration 500000 ---
Iteration 600000 ---
Iteration 700000 ---
Iteration 800000 ---
Iteration 900000 ---
Test done ---
maxCond:       1000089.8978555254
ulp(maxCond):  1.1641532182693481E-10
ratioCond:     0.5000002233441811
stats(cond) :  [1000000: µ=1000033.7729143652 σ=19.745469694286097 (0.0019744802854750124 %) rms=1000053.5183840594 min=1000000.0343664044 max=1000089.8978555254 sum=1.0000337729143651E12]
stats(ratio):  [1000000: µ=0.29178840252689303 σ=0.13823855784249814 (47.37630304883595 %) rms=0.43002696036939114 min=2.7084009206990994E-7 max=0.5000002233441811 sum=291788.402526893]
stats(ulp(x)): [5000000: µ=3.930893810934238E7 σ=5.709232446319109E10 (145240.0578829735 %) rms=5.713163340130044E10 min=2.430084509460644E-7 max=1.0892020252338253E14 sum=1.965446905467119E14]
result stats:
PASSING:	374962
FAIL_LEFT:	249766
FAIL_RIGHT:	250266
FAIL_BOTH:	125006
-------------------
offset value: 1000000.0
random scale: 0.001
Iteration 0 ---
Iteration 100000 ---
Iteration 200000 ---
Iteration 300000 ---
Iteration 400000 ---
Iteration 500000 ---
Iteration 600000 ---
Iteration 700000 ---
Iteration 800000 ---
Iteration 900000 ---
Test done ---
maxCond:       1000000.008989786
ulp(maxCond):  1.1641532182693481E-10
ratioCond:     0.49999971467096277
stats(cond) :  [1000000: µ=1000000.0033773062 σ=0.001974546977053024 (1.9745469703843746E-7 %) rms=1000000.0053518531 min=1000000.0000034366 max=1000000.008989786 sum=1.0000000033773062E12]
stats(ratio):  [1000000: µ=0.2916155613305228 σ=0.1382173616923544 (47.3971145647115 %) rms=0.42983292302287723 min=7.889382899248476E-7 max=0.49999971467096277 sum=291615.5613305228]
stats(ulp(x)): [6000000: µ=3.2757448473053776E7 σ=5.2117924471746155E10 (159102.51530920752 %) rms=5.215068192021921E10 min=2.430084509460644E-7 max=1.0892020252338253E14 sum=1.9654469083832266E14]
result stats:
PASSING:	375365
FAIL_LEFT:	249123
FAIL_RIGHT:	250105
FAIL_BOTH:	125407
-------------------
offset value: 1000000.0
random scale: 1000000.0
Iteration 0 ---
Iteration 100000 ---
Iteration 200000 ---
Iteration 300000 ---
Iteration 400000 ---
Iteration 500000 ---
Iteration 600000 ---
Iteration 700000 ---
Iteration 800000 ---
Iteration 900000 ---
Test done ---
maxCond:       9989785.552523807
ulp(maxCond):  1.862645149230957E-9
ratioCond:     0.6821262083149947
stats(cond) :  [1000000: µ=4377291.4345839815 σ=1974546.9694271665 (45.10887609234152 %) rms=6351838.404011148 min=1003436.6404711991 max=9989785.552523807 sum=4.3772914345839814E12]
stats(ratio):  [1000000: µ=0.10690983684637095 σ=0.08121564683653956 (75.96648655749624 %) rms=0.18812548368291052 min=1.452270331422756E-7 max=0.6821262083149947 sum=106909.83684637095]
stats(ulp(x)): [7000000: µ=2.8077813040389612E7 σ=4.8251822821491035E10 (171850.36011202633 %) rms=4.8279900634531425E10 min=2.430084509460644E-7 max=1.0892020252338253E14 sum=1.9654469128272728E14]
result stats:
PASSING:	369965
FAIL_LEFT:	254604
FAIL_RIGHT:	255163
FAIL_BOTH:	120268
-------------------
offset value: 1000000.0
random scale: 1.0E9
Iteration 0 ---
Iteration 100000 ---
Iteration 200000 ---
Iteration 300000 ---
Iteration 400000 ---
Iteration 500000 ---
Iteration 600000 ---
Iteration 700000 ---
Iteration 800000 ---
Iteration 900000 ---
Test done ---
maxCond:       8.990785552523808E9
ulp(maxCond):  1.9073486328125E-6
ratioCond:     4.716961823684701E8
stats(cond) :  [1000000: µ=3.3782914345844855E9 σ=1.9745469694272182E9 (58.44809447797326 %) rms=5.3528384040117035E9 min=4436640.471198559 max=8.990785552523808E9 sum=3.3782914345844855E15]
stats(ratio):  [1000000: µ=471.77566114675784 σ=471696.1822893477 (99983.15325186194 %) rms=472167.9579504944 min=3.037605636825805E-8 max=4.716961823684701E8 sum=4.7177566114675784E8]
stats(ulp(x)): [8000000: µ=2.4575643132403683E7 σ=4.513545291728661E10 (183659.29499429555 %) rms=4.5160028560419014E10 min=2.430084509460644E-7 max=1.0892020252338253E14 sum=1.9660514505922947E14]
result stats:
PASSING:	337137
FAIL_LEFT:	287868
FAIL_RIGHT:	287736
FAIL_BOTH:	87259
-------------------
offset value: 1.0E9
random scale: 10.0
Iteration 0 ---
Iteration 100000 ---
Iteration 200000 ---
Iteration 300000 ---
Iteration 400000 ---
Iteration 500000 ---
Iteration 600000 ---
Iteration 700000 ---
Iteration 800000 ---
Iteration 900000 ---
Test done ---
maxCond:       1.000000089897855E9
ulp(maxCond):  1.1920928955078125E-7
ratioCond:     8825191.0
stats(cond) :  [1000000: µ=1.0000000337729205E9 σ=19.745469709477003 (1.974546904261485E-6 %) rms=1.0000000535183902E9 min=1.0000000000343666E9 max=1.000000089897855E9 sum=1.0000000337729205E15]
stats(ratio):  [1000000: µ=9.11694441580316 σ=8825.190709350498 (96799.87402416384 %) rms=8834.307653766302 min=8.090989973272437E-8 max=8825191.0 sum=9116944.415803159]
stats(ulp(x)): [9000000: µ=2.1845017130686164E7 σ=4.255411351168025E10 (194800.09219998997 %) rms=4.2575958528810936E10 min=8.090989973272437E-8 max=1.0892020252338253E14 sum=1.9660515417617547E14]
result stats:
PASSING:	374691
FAIL_LEFT:	249352
FAIL_RIGHT:	250686
FAIL_BOTH:	125271
-------------------
offset value: 1.0E9
random scale: 1000000.0
Iteration 0 ---
Iteration 100000 ---
Iteration 200000 ---
Iteration 300000 ---
Iteration 400000 ---
Iteration 500000 ---
Iteration 600000 ---
Iteration 700000 ---
Iteration 800000 ---
Iteration 900000 ---
Test done ---
maxCond:       1.0089897855525236E9
ulp(maxCond):  1.1920928955078125E-7
ratioCond:     1967471.27871744
stats(cond) :  [1000000: µ=1.0033772914345669E9 σ=1974546.9694271726 (0.19679007949283836 %) rms=1.0053518384039941E9 min=1.0000034366404712E9 max=1.0089897855525236E9 sum=1.0033772914345669E15]
stats(ratio):  [1000000: µ=2.302173592155585 σ=1967.9354846676065 (85481.62881257696 %) rms=1970.2376582597622 min=4.819265052755701E-7 max=1967471.27871744 sum=2302173.5921555846]
stats(ulp(x)): [10000000: µ=1.9660515647834882E7 σ=4.0370377059527885E10 (205337.325747983 %) rms=4.039003757517572E10 min=8.090989973272437E-8 max=1.0892020252338253E14 sum=1.966051564783488E14]
result stats:
PASSING:	375110
FAIL_LEFT:	250006
FAIL_RIGHT:	250015
FAIL_BOTH:	124869
-------------------
offset value: 1.0E9
random scale: 1.0E9
Iteration 0 ---
Iteration 100000 ---
Iteration 200000 ---
Iteration 300000 ---
Iteration 400000 ---
Iteration 500000 ---
Iteration 600000 ---
Iteration 700000 ---
Iteration 800000 ---
Iteration 900000 ---
Test done ---
maxCond:       9.989785552523806E9
ulp(maxCond):  1.9073486328125E-6
ratioCond:     4.716961823606576E8
stats(cond) :  [1000000: µ=4.377291434584121E9 σ=1.974546969427232E9 (45.108876092341575 %) rms=6.351838404011353E9 min=1.0034366404711986E9 max=9.989785552523806E9 sum=4.377291434584121E15]
stats(ratio):  [1000000: µ=473.5022935847042 σ=471698.90007232595 (99619.13732270958 %) rms=472172.40236591065 min=6.236894486491773E-7 max=4.716961823606576E8 sum=4.735022935847042E8]
stats(ulp(x)): [11000000: µ=1.787353947641039E7 σ=3.849164449665501E10 (215355.46749124044 %) rms=3.850951803613142E10 min=8.090989973272437E-8 max=1.0892020252338253E14 sum=1.9660893424051428E14]
result stats:
PASSING:	369165
FAIL_LEFT:	255150
FAIL_RIGHT:	255509
FAIL_BOTH:	120176
-------------------
offset value: 1000000.0
random scale: 1000000.0
Iteration 0 ---
Iteration 100000 ---
Iteration 200000 ---
Iteration 300000 ---
Iteration 400000 ---
Iteration 500000 ---
Iteration 600000 ---
Iteration 700000 ---
Iteration 800000 ---
Iteration 900000 ---
Test done ---
maxCond:       9989785.552523807
ulp(maxCond):  1.862645149230957E-9
ratioCond:     0.6821262083149947
stats(cond) :  [1000000: µ=4377291.4345839815 σ=1974546.9694271665 (45.10887609234152 %) rms=6351838.404011148 min=1003436.6404711991 max=9989785.552523807 sum=4.3772914345839814E12]
stats(ratio):  [1000000: µ=0.10690983684637095 σ=0.08121564683653956 (75.96648655749624 %) rms=0.18812548368291052 min=1.452270331422756E-7 max=0.6821262083149947 sum=106909.83684637095]
stats(ulp(x)): [12000000: µ=1.6384077890410718E7 σ=3.685294405471102E10 (224931.450529055 %) rms=3.686932813260143E10 min=8.090989973272437E-8 max=1.0892020252338253E14 sum=1.9660893468492862E14]
result stats:
PASSING:	369965
FAIL_LEFT:	254604
FAIL_RIGHT:	255163
FAIL_BOTH:	120268
-------------------
offset value: 1.0E7
random scale: 1.0E7
Iteration 0 ---
Iteration 100000 ---
Iteration 200000 ---
Iteration 300000 ---
Iteration 400000 ---
Iteration 500000 ---
Iteration 600000 ---
Iteration 700000 ---
Iteration 800000 ---
Iteration 900000 ---
Test done ---
maxCond:       9.989785552523807E7
ulp(maxCond):  1.4901161193847656E-8
ratioCond:     0.6156456765629036
stats(cond) :  [1000000: µ=4.377291434584607E7 σ=1.9745469694272064E7 (45.108876092335976 %) rms=6.3518384040118136E7 min=1.0034366404711988E7 max=9.989785552523807E7 sum=4.377291434584607E13]
stats(ratio):  [1000000: µ=0.1092405348685103 σ=0.08185433130901949 (74.93036482066404 %) rms=0.1910948661775298 min=1.055311173338348E-7 max=0.6156456765629036 sum=109240.53486851031]
stats(ulp(x)): [13000000: µ=1.5123764237823922E7 σ=3.540716351825638E10 (234116.0769334429 %) rms=3.54222872824942E10 min=8.090989973272437E-8 max=1.0892020252338253E14 sum=1.96608935091711E14]
result stats:
PASSING:	369792
FAIL_LEFT:	254183
FAIL_RIGHT:	255440
FAIL_BOTH:	120585
-------------------
offset value: 1.0E8
random scale: 1.0E8
Iteration 0 ---
Iteration 100000 ---
Iteration 200000 ---
Iteration 300000 ---
Iteration 400000 ---
Iteration 500000 ---
Iteration 600000 ---
Iteration 700000 ---
Iteration 800000 ---
Iteration 900000 ---
Test done ---
maxCond:       9.989785552523808E8
ulp(maxCond):  1.1920928955078125E-7
ratioCond:     397.9341977779982
stats(cond) :  [1000000: µ=4.3772914345843375E8 σ=1.9745469694272017E8 (45.108876092338654 %) rms=6.351838404011539E8 min=1.0034366404711986E8 max=9.989785552523808E8 sum=4.3772914345843375E14]
stats(ratio):  [1000000: µ=0.10219969708215065 σ=0.4046477423699249 (395.93829915626753 %) rms=0.5068474394520756 min=7.507782978539459E-7 max=397.9341977779982 sum=102199.69708215065]
stats(ulp(x)): [14000000: µ=1.4043495395642685E7 σ=3.4119196620253277E10 (242953.73522776627 %) rms=3.413324011564892E10 min=8.090989973272437E-8 max=1.0892020252338253E14 sum=1.966089355389976E14]
result stats:
PASSING:	368587
FAIL_LEFT:	255639
FAIL_RIGHT:	256610
FAIL_BOTH:	119164
-------------------
offset value: 1.0E9
random scale: 1.0E9
Iteration 0 ---
Iteration 100000 ---
Iteration 200000 ---
Iteration 300000 ---
Iteration 400000 ---
Iteration 500000 ---
Iteration 600000 ---
Iteration 700000 ---
Iteration 800000 ---
Iteration 900000 ---
Test done ---
maxCond:       9.989785552523806E9
ulp(maxCond):  1.9073486328125E-6
ratioCond:     4.716961823606576E8
stats(cond) :  [1000000: µ=4.377291434584121E9 σ=1.974546969427232E9 (45.108876092341575 %) rms=6.351838404011353E9 min=1.0034366404711986E9 max=9.989785552523806E9 sum=4.377291434584121E15]
stats(ratio):  [1000000: µ=473.5022935847042 σ=471698.90007232595 (99619.13732270958 %) rms=472172.40236591065 min=6.236894486491773E-7 max=4.716961823606576E8 sum=4.735022935847042E8]
stats(ulp(x)): [15000000: µ=1.3107514220077476E7 σ=3.296227562204759E10 (251476.17670753712 %) rms=3.2975383136267666E10 min=8.090989973272437E-8 max=1.0892020252338253E14 sum=1.9661271330116212E14]
result stats:
PASSING:	369165
FAIL_LEFT:	255150
FAIL_RIGHT:	255509
FAIL_BOTH:	120176
-------------------
offset value: 1.0E10
random scale: 1.0E10
Iteration 0 ---
Iteration 100000 ---
Iteration 200000 ---
Iteration 300000 ---
Iteration 400000 ---
Iteration 500000 ---
Iteration 600000 ---
Iteration 700000 ---
Iteration 800000 ---
Iteration 900000 ---
Test done ---
maxCond:       9.989785552523807E10
ulp(maxCond):  1.52587890625E-5
ratioCond:     7.84512494021874E11
stats(cond) :  [1000000: µ=4.3772914345843346E10 σ=1.9745469694272682E10 (45.1088760923402 %) rms=6.351838404011603E10 min=1.0034366404711983E10 max=9.989785552523807E10 sum=4.3772914345843344E16]
stats(ratio):  [1000000: µ=791891.209511483 σ=7.845319704918593E8 (99070.67550046886 %) rms=7.853238617013708E8 min=2.91916281266039E-7 max=7.84512494021874E11 sum=7.91891209511483E11]
stats(ulp(x)): [16000000: µ=1.24863669456353E7 σ=3.1925227173054115E10 (255680.6740667974 %) rms=3.1937713539999752E10 min=8.090989973272437E-8 max=1.0892020252338253E14 sum=1.997818711301648E14]
result stats:
PASSING:	371355
FAIL_LEFT:	253918
FAIL_RIGHT:	254687
FAIL_BOTH:	120040
-------------------
offset value: 1.0E11
random scale: 1.0E11
Iteration 0 ---
Iteration 100000 ---
Iteration 200000 ---
Iteration 300000 ---
Iteration 400000 ---
Iteration 500000 ---
Iteration 600000 ---
Iteration 700000 ---
Iteration 800000 ---
Iteration 900000 ---
Test done ---
maxCond:       9.989785552523807E11
ulp(maxCond):  1.220703125E-4
ratioCond:     7.88977503889623E14
stats(cond) :  [1000000: µ=4.3772914345843616E11 σ=1.9745469694272357E11 (45.10887609233917 %) rms=6.351838404011597E11 min=1.0034366404711987E11 max=9.989785552523807E11 sum=4.3772914345843616E17]
stats(ratio):  [1000000: µ=2.6815755790356393E9 σ=1.0137158824679501E12 (37802.995015061526 %) rms=1.0163974580469857E12 min=5.98418176951733E-8 max=7.88977503889623E14 sum=2.6815755790356395E15]
stats(ulp(x)): [17000000: µ=7.255858592983395E8 σ=8.830563833567551E11 (121702.534860684 %) rms=8.837819692160535E11 min=8.090989973272437E-8 max=1.836245560594068E15 sum=1.2334959608071772E16]
result stats:
PASSING:	370325
FAIL_LEFT:	255301
FAIL_RIGHT:	255318
FAIL_BOTH:	119056
-------------------
offset value: 1.0E12
random scale: 1.0E12
Iteration 0 ---
Iteration 100000 ---
Iteration 200000 ---
Iteration 300000 ---
Iteration 400000 ---
Iteration 500000 ---
Iteration 600000 ---
Iteration 700000 ---
Iteration 800000 ---
Iteration 900000 ---
Test done ---
maxCond:       9.989785552523807E12
ulp(maxCond):  0.001953125
ratioCond:     8.45033701236098E14
stats(cond) :  [1000000: µ=4.377291434584429E12 σ=1.9745469694272036E12 (45.10887609233775 %) rms=6.351838404011633E12 min=1.0034366404711987E12 max=9.989785552523807E12 sum=4.3772914345844291E18]
stats(ratio):  [1000000: µ=4.05614274509809E10 σ=4.0204397746063413E12 (9911.978022630252 %) rms=4.0610012020573223E12 min=6.45649171468038E-7 max=8.45033701236098E14 sum=4.0561427450980904E16]
stats(ulp(x)): [18000000: µ=8.517492585267615E9 σ=3.0120769789833613E12 (35363.42355252809 %) rms=3.020594471568629E12 min=8.090989973272437E-8 max=2.530012991394581E15 sum=1.53314866534817088E17]
result stats:
PASSING:	380153
FAIL_LEFT:	254239
FAIL_RIGHT:	249630
FAIL_BOTH:	115978
-------------------
offset value: 1.0E13
random scale: 1.0E13
Iteration 0 ---
Iteration 100000 ---
Iteration 200000 ---
Iteration 300000 ---
Iteration 400000 ---
Iteration 500000 ---
Iteration 600000 ---
Iteration 700000 ---
Iteration 800000 ---
Iteration 900000 ---
Test done ---
maxCond:       9.989785552523806E13
ulp(maxCond):  0.015625
ratioCond:     8.828536123343245E14
stats(cond) :  [1000000: µ=4.3772914345846375E13 σ=1.97454696942721E13 (45.108876092335755 %) rms=6.351838404011848E13 min=1.0034366404711984E13 max=9.989785552523806E13 sum=4.3772914345846374E19]
stats(ratio):  [1000000: µ=3.6206287654662445E11 σ=1.1849200194459861E13 (3272.691281547057 %) rms=1.2211263071006486E13 min=4.93037943783904E-7 max=8.828536123343245E14 sum=3.6206287654662445E17]
stats(ulp(x)): [19000000: µ=7.842055417523015E10 σ=1.0328609888399758E13 (13170.794311553263 %) rms=1.0407030442574988E13 min=8.090989973272437E-8 max=3.642182154869238E15 sum=1.48999052932937293E18]
result stats:
PASSING:	456002
FAIL_LEFT:	244998
FAIL_RIGHT:	214349
FAIL_BOTH:	84651
-------------------
offset value: 1.0E14
random scale: 1.0E14
Iteration 0 ---
Iteration 100000 ---
Iteration 200000 ---
Iteration 300000 ---
Iteration 400000 ---
Iteration 500000 ---
Iteration 600000 ---
Iteration 700000 ---
Iteration 800000 ---
Iteration 900000 ---
Test done ---
maxCond:       9.989785552523806E14
ulp(maxCond):  0.125
ratioCond:     9.69387679994007E14
stats(cond) :  [1000000: µ=4.3772914345844456E14 σ=1.9745469694272506E14 (45.108876092338654 %) rms=6.351838404011696E14 min=1.0034366404711994E14 max=9.989785552523806E14 sum=4.3772914345844454E20]
stats(ratio):  [1000000: µ=3.793490539645839E12 σ=3.8606447682889586E13 (1017.7024900790682 %) rms=4.239993822253542E13 min=1.7452125501282964E-7 max=9.69387679994007E14 sum=3.7934905396458388E18]
stats(ulp(x)): [20000000: µ=8.431644877078005E11 σ=3.4452280778078527E13 (4086.0687659817568 %) rms=3.529544526578633E13 min=8.090989973272437E-8 max=4.752260522614529E15 sum=1.6863289754156012E19]
result stats:
PASSING:	682755
FAIL_LEFT:	160258
FAIL_RIGHT:	155727
FAIL_BOTH:	1260
-------------------
offset value: 1.0E15
random scale: 1.0E15
Iteration 0 ---
Iteration 100000 ---
Iteration 200000 ---
Iteration 300000 ---
Iteration 400000 ---
Iteration 500000 ---
Iteration 600000 ---
Iteration 700000 ---
Iteration 800000 ---
Iteration 900000 ---
Test done ---
maxCond:       9.989785552523806E15
ulp(maxCond):  2.0
ratioCond:     9.6134950463418E14
stats(cond) :  [1000000: µ=4.3772914345844535E15 σ=1.9745469694272782E15 (45.10887609233921 %) rms=6.351838404011732E15 min=1.003436640471199E15 max=9.989785552523806E15 sum=4.3772914345844534E21]
stats(ratio):  [1000000: µ=4.916119504358481E13 σ=1.2978907468076616E14 (264.007159642273 %) rms=1.7895026972435097E14 min=5.527331095800685E-7 max=9.6134950463418E14 sum=4.916119504358481E19]
stats(ulp(x)): [21000000: µ=8.90765703905352E12 σ=9.883231878266097E13 (1109.520925080007 %) rms=1.0773997582171448E14 min=8.090989973272437E-8 max=4.752260522614529E15 sum=1.870607978201239E20]
result stats:
PASSING:	687437
FAIL_LEFT:	155896
FAIL_RIGHT:	156667
FAIL_BOTH:	0
-------------------
offset value: 1.0E16
random scale: 1.0E16
Iteration 0 ---
Iteration 100000 ---
Iteration 200000 ---
Iteration 300000 ---
Iteration 400000 ---
Iteration 500000 ---
Iteration 600000 ---
Iteration 700000 ---
Iteration 800000 ---
Iteration 900000 ---
Test done ---
maxCond:       9.989785552523808E16
ulp(maxCond):  16.0
ratioCond:     8.752200481200442E14
stats(cond) :  [1000000: µ=4.377291434584228E16 σ=1.9745469694271968E16 (45.10887609233967 %) rms=6.3518384040114248E16 min=1.0034366404711984E16 max=9.989785552523808E16 sum=4.377291434584228E22]
stats(ratio):  [1000000: µ=1.9150787700765988E14 σ=1.9893327655168503E14 (103.87733374733624 %) rms=3.904411535593449E14 min=6.509557101440675E-7 max=8.752200481200442E14 sum=1.9150787700765986E20]
stats(ulp(x)): [22000000: µ=4.609670884819637E13 σ=2.631097818534555E14 (570.777802640785 %) rms=3.092064907016519E14 min=8.090989973272437E-8 max=4.752260522614529E15 sum=1.0141275946603201E21]
result stats:
PASSING:	687717
FAIL_LEFT:	155951
FAIL_RIGHT:	156332
FAIL_BOTH:	0
FindExtremaAccuracyTest: done
-------------------

