./test.sh 
openjdk version "17" 2021-09-14
OpenJDK Runtime Environment (build 17+35-2724)
OpenJDK 64-Bit Server VM (build 17+35-2724, mixed mode, sharing)
-------------------
FindExtremaAccuracyTest: start
USE_PATH_ITER: false
N: 1000000
TYPE: QUAD
TEST_MODE: DIST
-------------------
offset value: 0.0
random scale: 10.0
Iteration 0 ---
Iteration 100000 ---
Iteration 200000 ---
Iteration 300000 ---
Iteration 400000 ---
Iteration 500000 ---
Iteration 600000 ---
Iteration 700000 ---
Iteration 800000 ---
Iteration 900000 ---
Test done ---
maxCond:       19.99998258901072
ulp(maxCond):  3.552713678800501E-15
ratioCond:     NaN
stats(cond) :  [1000000: µ=10.000816425935836 σ=5.773008267587746 (57.72536982696921 %) rms=15.773824693523583 min=2.772461374789259E-5 max=19.99998258901072 sum=1.0000816425935837E7]
stats(ratio):  [0: µ=NaN σ=NaN (NaN %) rms=NaN min=NaN max=NaN sum=NaN]
stats(ulp(x)): [0: µ=NaN σ=NaN (NaN %) rms=NaN min=NaN max=NaN sum=NaN]
result stats:
PASSING:	1000000
FAIL_LEFT:	0
FAIL_RIGHT:	0
FAIL_BOTH:	0
-------------------
offset value: 0.0
random scale: 1.0E-6
Iteration 0 ---
Iteration 100000 ---
Iteration 200000 ---
Iteration 300000 ---
Iteration 400000 ---
Iteration 500000 ---
Iteration 600000 ---
Iteration 700000 ---
Iteration 800000 ---
Iteration 900000 ---
Test done ---
maxCond:       1.999998258901072E-6
ulp(maxCond):  4.2351647362715017E-22
ratioCond:     NaN
stats(cond) :  [1000000: µ=1.000081642593611E-6 σ=5.773008267587835E-7 (57.72536982696853 %) rms=1.5773824693523945E-6 min=2.772461374502222E-12 max=1.999998258901072E-6 sum=1.000081642593611]
stats(ratio):  [0: µ=NaN σ=NaN (NaN %) rms=NaN min=NaN max=NaN sum=NaN]
stats(ulp(x)): [0: µ=NaN σ=NaN (NaN %) rms=NaN min=NaN max=NaN sum=NaN]
result stats:
PASSING:	1000000
FAIL_LEFT:	0
FAIL_RIGHT:	0
FAIL_BOTH:	0
-------------------
offset value: 0.0
random scale: 1000000.0
Iteration 0 ---
Iteration 100000 ---
Iteration 200000 ---
Iteration 300000 ---
Iteration 400000 ---
Iteration 500000 ---
Iteration 600000 ---
Iteration 700000 ---
Iteration 800000 ---
Iteration 900000 ---
Test done ---
maxCond:       1999998.2589010717
ulp(maxCond):  2.3283064365386963E-10
ratioCond:     NaN
stats(cond) :  [1000000: µ=1000081.6425936571 σ=577300.8267587598 (57.72536982696349 %) rms=1577382.469352417 min=2.772461374755949 max=1999998.2589010717 sum=1.0000816425936571E12]
stats(ratio):  [0: µ=NaN σ=NaN (NaN %) rms=NaN min=NaN max=NaN sum=NaN]
stats(ulp(x)): [0: µ=NaN σ=NaN (NaN %) rms=NaN min=NaN max=NaN sum=NaN]
result stats:
PASSING:	1000000
FAIL_LEFT:	0
FAIL_RIGHT:	0
FAIL_BOTH:	0
-------------------
offset value: 0.0
random scale: 1.0E9
Iteration 0 ---
Iteration 100000 ---
Iteration 200000 ---
Iteration 300000 ---
Iteration 400000 ---
Iteration 500000 ---
Iteration 600000 ---
Iteration 700000 ---
Iteration 800000 ---
Iteration 900000 ---
Test done ---
maxCond:       1.999998258901072E9
ulp(maxCond):  2.384185791015625E-7
ratioCond:     NaN
stats(cond) :  [1000000: µ=1.0000816425936327E9 σ=5.773008267587751E8 (57.72536982696643 %) rms=1.577382469352408E9 min=2772.461374759674 max=1.999998258901072E9 sum=1.0000816425936328E15]
stats(ratio):  [0: µ=NaN σ=NaN (NaN %) rms=NaN min=NaN max=NaN sum=NaN]
stats(ulp(x)): [0: µ=NaN σ=NaN (NaN %) rms=NaN min=NaN max=NaN sum=NaN]
result stats:
PASSING:	1000000
FAIL_LEFT:	0
FAIL_RIGHT:	0
FAIL_BOTH:	0
-------------------
offset value: 1000000.0
random scale: 10.0
Iteration 0 ---
Iteration 100000 ---
Iteration 200000 ---
Iteration 300000 ---
Iteration 400000 ---
Iteration 500000 ---
Iteration 600000 ---
Iteration 700000 ---
Iteration 800000 ---
Iteration 900000 ---
Test done ---
maxCond:       1000019.9999825889
ulp(maxCond):  1.1641532182693481E-10
ratioCond:     0.5
stats(cond) :  [1000000: µ=1000010.0008164014 σ=5.773008267563302 (5.772950533344924E-4 %) rms=1000015.773824669 min=1000000.0000277245 max=1000019.9999825889 sum=1.0000100008164015E12]
stats(ratio):  [500728: µ=0.5 σ=0.0 (0.0 %) rms=0.5 min=0.5 max=0.5 sum=250364.0]
stats(ulp(x)): [500728: µ=0.5 σ=0.0 (0.0 %) rms=0.5 min=0.5 max=0.5 sum=250364.0]
result stats:
PASSING:	749397
FAIL_LEFT:	125337
FAIL_RIGHT:	125266
FAIL_BOTH:	0
-------------------
offset value: 1000000.0
random scale: 0.001
Iteration 0 ---
Iteration 100000 ---
Iteration 200000 ---
Iteration 300000 ---
Iteration 400000 ---
Iteration 500000 ---
Iteration 600000 ---
Iteration 700000 ---
Iteration 800000 ---
Iteration 900000 ---
Test done ---
maxCond:       1000000.0019999985
ulp(maxCond):  1.1641532182693481E-10
ratioCond:     0.5
stats(cond) :  [1000000: µ=1000000.0010000848 σ=5.773008417582043E-4 (5.773008411808545E-8 %) rms=1000000.0015773856 min=1000000.0000000028 max=1000000.0019999985 sum=1.0000000010000848E12]
stats(ratio):  [499657: µ=0.5 σ=0.0 (0.0 %) rms=0.5 min=0.5 max=0.5 sum=249828.5]
stats(ulp(x)): [1000385: µ=0.5 σ=0.0 (0.0 %) rms=0.5 min=0.5 max=0.5 sum=500192.5]
result stats:
PASSING:	750219
FAIL_LEFT:	125030
FAIL_RIGHT:	124751
FAIL_BOTH:	0
-------------------
offset value: 1000000.0
random scale: 1000000.0
Iteration 0 ---
Iteration 100000 ---
Iteration 200000 ---
Iteration 300000 ---
Iteration 400000 ---
Iteration 500000 ---
Iteration 600000 ---
Iteration 700000 ---
Iteration 800000 ---
Iteration 900000 ---
Test done ---
maxCond:       2999998.2589010717
ulp(maxCond):  4.6566128730773926E-10
ratioCond:     0.5
stats(cond) :  [1000000: µ=2000081.642593685 σ=577300.8267587594 (28.86386307761526 %) rms=2577382.4693524446 min=1000002.7724613748 max=2999998.2589010717 sum=2.000081642593685E12]
stats(ratio):  [277549: µ=0.2542846037996934 σ=0.13037885231716415 (51.27280628435803 %) rms=0.3846634561168576 min=0.0625 max=0.5 sum=70576.4375000011]
stats(ulp(x)): [1277934: µ=0.4976874783830754 σ=0.023932887335465183 (4.808818460376007 %) rms=0.5216203657185406 min=0.25 max=0.5 sum=636011.7499999971]
result stats:
PASSING:	861249
FAIL_LEFT:	79355
FAIL_RIGHT:	59396
FAIL_BOTH:	0
-------------------
offset value: 1000000.0
random scale: 1.0E9
Iteration 0 ---
Iteration 100000 ---
Iteration 200000 ---
Iteration 300000 ---
Iteration 400000 ---
Iteration 500000 ---
Iteration 600000 ---
Iteration 700000 ---
Iteration 800000 ---
Iteration 900000 ---
Test done ---
maxCond:       2.000998258901072E9
ulp(maxCond):  2.384185791015625E-7
ratioCond:     NaN
stats(cond) :  [1000000: µ=1.0010816425936327E9 σ=5.773008267587751E8 (57.66770682789534 %) rms=1.578382469352408E9 min=1002772.4613747597 max=2.000998258901072E9 sum=1.0010816425936328E15]
stats(ratio):  [0: µ=NaN σ=NaN (NaN %) rms=NaN min=NaN max=NaN sum=NaN]
stats(ulp(x)): [1277934: µ=0.4976874783830754 σ=0.023932887335465183 (4.808818460376007 %) rms=0.5216203657185406 min=0.25 max=0.5 sum=636011.7499999971]
result stats:
PASSING:	1000000
FAIL_LEFT:	0
FAIL_RIGHT:	0
FAIL_BOTH:	0
-------------------
offset value: 1.0E9
random scale: 10.0
Iteration 0 ---
Iteration 100000 ---
Iteration 200000 ---
Iteration 300000 ---
Iteration 400000 ---
Iteration 500000 ---
Iteration 600000 ---
Iteration 700000 ---
Iteration 800000 ---
Iteration 900000 ---
Test done ---
maxCond:       1.0000000199999824E9
ulp(maxCond):  1.1920928955078125E-7
ratioCond:     0.5
stats(cond) :  [1000000: µ=1.0000000100008005E9 σ=5.7730082520909525 (5.773008194356249E-7 %) rms=1.0000000157738087E9 min=1.0000000000000277E9 max=1.0000000199999824E9 sum=1.0000000100008005E15]
stats(ratio):  [499741: µ=0.5 σ=0.0 (0.0 %) rms=0.5 min=0.5 max=0.5 sum=249870.5]
stats(ulp(x)): [1777675: µ=0.49833757576608423 σ=0.020318529385248186 (4.077262155881567 %) rms=0.5186561051513324 min=0.25 max=0.5 sum=885882.2499999738]
result stats:
PASSING:	750196
FAIL_LEFT:	124721
FAIL_RIGHT:	125083
FAIL_BOTH:	0
-------------------
offset value: 1.0E9
random scale: 1000000.0
Iteration 0 ---
Iteration 100000 ---
Iteration 200000 ---
Iteration 300000 ---
Iteration 400000 ---
Iteration 500000 ---
Iteration 600000 ---
Iteration 700000 ---
Iteration 800000 ---
Iteration 900000 ---
Test done ---
maxCond:       1.0019999982589011E9
ulp(maxCond):  1.1920928955078125E-7
ratioCond:     0.5
stats(cond) :  [1000000: µ=1.0010000816426122E9 σ=577300.8267587859 (0.05767240556179095 %) rms=1.001577382469371E9 min=1.0000000027724614E9 max=1.0019999982589011E9 sum=1.0010000816426122E15]
stats(ratio):  [499035: µ=0.5 σ=0.0 (0.0 %) rms=0.5 min=0.5 max=0.5 sum=249517.5]
stats(ulp(x)): [2276710: µ=0.49870196467710115 σ=0.017967305775203085 (3.6028143155274175 %) rms=0.5166692704523043 min=0.25 max=0.5 sum=1135399.750000003]
result stats:
PASSING:	750207
FAIL_LEFT:	125382
FAIL_RIGHT:	124411
FAIL_BOTH:	0
-------------------
offset value: 1.0E9
random scale: 1.0E9
Iteration 0 ---
Iteration 100000 ---
Iteration 200000 ---
Iteration 300000 ---
Iteration 400000 ---
Iteration 500000 ---
Iteration 600000 ---
Iteration 700000 ---
Iteration 800000 ---
Iteration 900000 ---
Test done ---
maxCond:       2.9999982589010715E9
ulp(maxCond):  4.76837158203125E-7
ratioCond:     0.5
stats(cond) :  [1000000: µ=2.0000816425936503E9 σ=5.773008267587758E8 (28.863863077616582 %) rms=2.577382469352426E9 min=1.0000027724613748E9 max=2.9999982589010715E9 sum=2.0000816425936502E15]
stats(ratio):  [280973: µ=0.24719924156413448 σ=0.12593800955742598 (50.94595305412863 %) rms=0.3731372511215605 min=0.0625 max=0.5 sum=69456.31249999955]
stats(ulp(x)): [2557683: µ=0.49712317750088536 σ=0.026663266773699387 (5.363513105089915 %) rms=0.5237864442745848 min=0.25 max=0.5 sum=1271483.499999997]
result stats:
PASSING:	859402
FAIL_LEFT:	82277
FAIL_RIGHT:	58321
FAIL_BOTH:	0
-------------------
offset value: 1000000.0
random scale: 1000000.0
Iteration 0 ---
Iteration 100000 ---
Iteration 200000 ---
Iteration 300000 ---
Iteration 400000 ---
Iteration 500000 ---
Iteration 600000 ---
Iteration 700000 ---
Iteration 800000 ---
Iteration 900000 ---
Test done ---
maxCond:       2999998.2589010717
ulp(maxCond):  4.6566128730773926E-10
ratioCond:     0.5
stats(cond) :  [1000000: µ=2000081.642593685 σ=577300.8267587594 (28.86386307761526 %) rms=2577382.4693524446 min=1000002.7724613748 max=2999998.2589010717 sum=2.000081642593685E12]
stats(ratio):  [277549: µ=0.2542846037996934 σ=0.13037885231716415 (51.27280628435803 %) rms=0.3846634561168576 min=0.0625 max=0.5 sum=70576.4375000011]
stats(ulp(x)): [2835232: µ=0.49636246698681896 σ=0.029935796681364778 (6.031035517872815 %) rms=0.5262982636681838 min=0.25 max=0.5 sum=1407302.7499999728]
result stats:
PASSING:	861249
FAIL_LEFT:	79355
FAIL_RIGHT:	59396
FAIL_BOTH:	0
-------------------
offset value: 1.0E7
random scale: 1.0E7
Iteration 0 ---
Iteration 100000 ---
Iteration 200000 ---
Iteration 300000 ---
Iteration 400000 ---
Iteration 500000 ---
Iteration 600000 ---
Iteration 700000 ---
Iteration 800000 ---
Iteration 900000 ---
Test done ---
maxCond:       2.9999982589010715E7
ulp(maxCond):  3.725290298461914E-9
ratioCond:     0.5
stats(cond) :  [1000000: µ=2.0000816425936677E7 σ=5773008.267587642 (28.86386307761575 %) rms=2.577382469352432E7 min=1.0000027724613748E7 max=2.9999982589010715E7 sum=2.0000816425936676E13]
stats(ratio):  [391307: µ=0.2746146248342166 σ=0.1390844995053371 (50.64715675259527 %) rms=0.4136991243395537 min=0.125 max=0.5 sum=107458.6250000028]
stats(ulp(x)): [3226539: µ=0.4933384502713304 σ=0.04026178945079311 (8.161088889108399 %) rms=0.5336002397221234 min=0.25 max=0.5 sum=1591775.7500000081]
result stats:
PASSING:	804217
FAIL_LEFT:	112996
FAIL_RIGHT:	82787
FAIL_BOTH:	0
-------------------
offset value: 1.0E8
random scale: 1.0E8
Iteration 0 ---
Iteration 100000 ---
Iteration 200000 ---
Iteration 300000 ---
Iteration 400000 ---
Iteration 500000 ---
Iteration 600000 ---
Iteration 700000 ---
Iteration 800000 ---
Iteration 900000 ---
Test done ---
maxCond:       2.9999982589010715E8
ulp(maxCond):  5.9604644775390625E-8
ratioCond:     0.5
stats(cond) :  [1000000: µ=2.0000816425935894E8 σ=5.773008267587816E7 (28.863863077617747 %) rms=2.577382469352371E8 min=1.000002772461375E8 max=2.9999982589010715E8 sum=2.0000816425935894E14]
stats(ratio):  [351988: µ=0.24113464095366316 σ=0.11654735817229193 (48.33289721931237 %) rms=0.3576819991259551 min=0.0625 max=0.5 sum=84876.49999999799]
stats(ulp(x)): [3578527: µ=0.48906407580548333 σ=0.051131079992655 (10.45488362817135 %) rms=0.5401951557981384 min=0.25 max=0.5 sum=1750128.9999999688]
result stats:
PASSING:	823974
FAIL_LEFT:	111683
FAIL_RIGHT:	64343
FAIL_BOTH:	0
-------------------
offset value: 1.0E9
random scale: 1.0E9
Iteration 0 ---
Iteration 100000 ---
Iteration 200000 ---
Iteration 300000 ---
Iteration 400000 ---
Iteration 500000 ---
Iteration 600000 ---
Iteration 700000 ---
Iteration 800000 ---
Iteration 900000 ---
Test done ---
maxCond:       2.9999982589010715E9
ulp(maxCond):  4.76837158203125E-7
ratioCond:     0.5
stats(cond) :  [1000000: µ=2.0000816425936503E9 σ=5.773008267587758E8 (28.863863077616582 %) rms=2.577382469352426E9 min=1.0000027724613748E9 max=2.9999982589010715E9 sum=2.0000816425936502E15]
stats(ratio):  [280973: µ=0.24719924156413448 σ=0.12593800955742598 (50.94595305412863 %) rms=0.3731372511215605 min=0.0625 max=0.5 sum=69456.31249999955]
stats(ulp(x)): [3859500: µ=0.4887194584790576 σ=0.05189301938560113 (10.618161091252075 %) rms=0.5406124778646587 min=0.25 max=0.5 sum=1886212.749999923]
result stats:
PASSING:	859402
FAIL_LEFT:	82277
FAIL_RIGHT:	58321
FAIL_BOTH:	0
-------------------
offset value: 1.0E10
random scale: 1.0E10
Iteration 0 ---
Iteration 100000 ---
Iteration 200000 ---
Iteration 300000 ---
Iteration 400000 ---
Iteration 500000 ---
Iteration 600000 ---
Iteration 700000 ---
Iteration 800000 ---
Iteration 900000 ---
Test done ---
maxCond:       2.999998258901072E10
ulp(maxCond):  3.814697265625E-6
ratioCond:     0.5
stats(cond) :  [1000000: µ=2.000081642593674E10 σ=5.773008267587708E9 (28.86386307761599 %) rms=2.577382469352445E10 min=1.0000027724613747E10 max=2.999998258901072E10 sum=2.000081642593674E16]
stats(ratio):  [378111: µ=0.2814467841453977 σ=0.14381898013756503 (51.09988397070011 %) rms=0.4252657642829627 min=0.125 max=0.5 sum=106418.12500000047]
stats(ulp(x)): [4237611: µ=0.4876381409241881 σ=0.054200091350193415 (11.114817894980813 %) rms=0.5418382322743815 min=0.25 max=0.5 sum=2066420.7499998896]
result stats:
PASSING:	810698
FAIL_LEFT:	109082
FAIL_RIGHT:	80220
FAIL_BOTH:	0
-------------------
offset value: 1.0E11
random scale: 1.0E11
Iteration 0 ---
Iteration 100000 ---
Iteration 200000 ---
Iteration 300000 ---
Iteration 400000 ---
Iteration 500000 ---
Iteration 600000 ---
Iteration 700000 ---
Iteration 800000 ---
Iteration 900000 ---
Test done ---
maxCond:       2.999998258901072E11
ulp(maxCond):  6.103515625E-5
ratioCond:     0.5
stats(cond) :  [1000000: µ=2.000081642593705E11 σ=5.773008267587765E10 (28.86386307761582 %) rms=2.5773824693524817E11 min=1.0000027724613745E11 max=2.999998258901072E11 sum=2.00008164259370528E17]
stats(ratio):  [368192: µ=0.24546635994264154 σ=0.11547198490924536 (47.04187772867446 %) rms=0.3609383448518869 min=0.0625 max=0.5 sum=90378.75000000108]
stats(ulp(x)): [4605803: µ=0.4845586100838523 σ=0.0601823208498659 (12.420029197180382 %) rms=0.5447409309337182 min=0.25 max=0.5 sum=2231781.5000000373]
result stats:
PASSING:	815808
FAIL_LEFT:	114028
FAIL_RIGHT:	70164
FAIL_BOTH:	0
-------------------
offset value: 1.0E12
random scale: 1.0E12
Iteration 0 ---
Iteration 100000 ---
Iteration 200000 ---
Iteration 300000 ---
Iteration 400000 ---
Iteration 500000 ---
Iteration 600000 ---
Iteration 700000 ---
Iteration 800000 ---
Iteration 900000 ---
Test done ---
maxCond:       2.9999982589010723E12
ulp(maxCond):  4.8828125E-4
ratioCond:     0.5
stats(cond) :  [1000000: µ=2.0000816425936914E12 σ=5.773008267587659E11 (28.863863077615488 %) rms=2.577382469352457E12 min=1.000002772461375E12 max=2.9999982589010723E12 sum=2.00008164259369139E18]
stats(ratio):  [284599: µ=0.24001094522468125 σ=0.1207424340010769 (50.3070532421121 %) rms=0.3607533792257581 min=0.0625 max=0.5 sum=68306.87499999905]
stats(ulp(x)): [4890402: µ=0.4842727653064246 σ=0.06069978184225348 (12.53421340013733 %) rms=0.544972547148678 min=0.25 max=0.5 sum=2368288.5000000694]
result stats:
PASSING:	857581
FAIL_LEFT:	85902
FAIL_RIGHT:	56517
FAIL_BOTH:	0
-------------------
offset value: 1.0E13
random scale: 1.0E13
Iteration 0 ---
Iteration 100000 ---
Iteration 200000 ---
Iteration 300000 ---
Iteration 400000 ---
Iteration 500000 ---
Iteration 600000 ---
Iteration 700000 ---
Iteration 800000 ---
Iteration 900000 ---
Test done ---
maxCond:       2.999998258901072E13
ulp(maxCond):  0.00390625
ratioCond:     0.5
stats(cond) :  [1000000: µ=2.0000816425936535E13 σ=5.77300826758775E12 (28.863863077616493 %) rms=2.5773824693524285E13 min=1.000002772461375E13 max=2.999998258901072E13 sum=2.0000816425936536E19]
stats(ratio):  [363056: µ=0.2896688114230174 σ=0.1490719573433272 (51.46289537040637 %) rms=0.4387407687663446 min=0.125 max=0.5 sum=105165.99999999501]
stats(ulp(x)): [5253458: µ=0.4839309650900705 σ=0.06131105577373099 (12.66938059281237 %) rms=0.5452420208638015 min=0.25 max=0.5 sum=2542311.000000152]
result stats:
PASSING:	818722
FAIL_LEFT:	103634
FAIL_RIGHT:	77644
FAIL_BOTH:	0
-------------------
offset value: 1.0E14
random scale: 1.0E14
Iteration 0 ---
Iteration 100000 ---
Iteration 200000 ---
Iteration 300000 ---
Iteration 400000 ---
Iteration 500000 ---
Iteration 600000 ---
Iteration 700000 ---
Iteration 800000 ---
Iteration 900000 ---
Test done ---
maxCond:       2.9999982589010725E14
ulp(maxCond):  0.0625
ratioCond:     0.5
stats(cond) :  [1000000: µ=2.000081642593631E14 σ=5.773008267587867E13 (28.863863077617403 %) rms=2.5773824693524175E14 min=1.000002772461375E14 max=2.9999982589010725E14 sum=2.000081642593631E20]
stats(ratio):  [387087: µ=0.24970613841332795 σ=0.11439225392878583 (45.810749649829276 %) rms=0.3640983923421138 min=0.0625 max=0.5 sum=96657.99999999987]
stats(ulp(x)): [5640545: µ=0.4814909729468051 σ=0.06545741700122774 (13.594733998981836 %) rms=0.5469483899480329 min=0.25 max=0.5 sum=2715871.5000002366]
result stats:
PASSING:	806659
FAIL_LEFT:	117048
FAIL_RIGHT:	76293
FAIL_BOTH:	0
-------------------
offset value: 1.0E15
random scale: 1.0E15
Iteration 0 ---
Iteration 100000 ---
Iteration 200000 ---
Iteration 300000 ---
Iteration 400000 ---
Iteration 500000 ---
Iteration 600000 ---
Iteration 700000 ---
Iteration 800000 ---
Iteration 900000 ---
Test done ---
maxCond:       2.999998258901072E15
ulp(maxCond):  0.5
ratioCond:     0.5
stats(cond) :  [1000000: µ=2.0000816425935548E15 σ=5.77300826758768E14 (28.863863077617566 %) rms=2.577382469352323E15 min=1.000002772461375E15 max=2.999998258901072E15 sum=2.0000816425935548E21]
stats(ratio):  [287723: µ=0.23250987060471545 σ=0.11458033234523493 (49.279771240348865 %) rms=0.3470902029499504 min=0.0625 max=0.5 sum=66898.43750000054]
stats(ulp(x)): [5928268: µ=0.4811692470718721 σ=0.06597796382502412 (13.712007620297689 %) rms=0.5471472108968962 min=0.25 max=0.5 sum=2852500.250000273]
result stats:
PASSING:	856515
FAIL_LEFT:	88600
FAIL_RIGHT:	54885
FAIL_BOTH:	0
-------------------
offset value: 1.0E16
random scale: 1.0E16
Iteration 0 ---
Iteration 100000 ---
Iteration 200000 ---
Iteration 300000 ---
Iteration 400000 ---
Iteration 500000 ---
Iteration 600000 ---
Iteration 700000 ---
Iteration 800000 ---
Iteration 900000 ---
Test done ---
maxCond:       2.999998258901072E16
ulp(maxCond):  4.0
ratioCond:     0.5
stats(cond) :  [1000000: µ=2.000081642593558E16 σ=5.773008267587691E15 (28.863863077617577 %) rms=2.5773824693523272E16 min=1.0000027724613744E16 max=2.999998258901072E16 sum=2.000081642593558E22]
stats(ratio):  [348111: µ=0.29729023213859784 σ=0.15389300414047888 (51.76524066513338 %) rms=0.45118323627907675 min=0.125 max=0.5 sum=103489.99999999943]
stats(ulp(x)): [6276379: µ=0.48123129594313135 σ=0.06587801191383573 (13.689469589613045 %) rms=0.5471093078569671 min=0.25 max=0.5 sum=3020390.0000002547]
result stats:
PASSING:	825792
FAIL_LEFT:	99132
FAIL_RIGHT:	75076
FAIL_BOTH:	0
FindExtremaAccuracyTest: done
-------------------

