
openjdk version "17" 2021-09-14
OpenJDK Runtime Environment (build 17+35-2724)
OpenJDK 64-Bit Server VM (build 17+35-2724, mixed mode, sharing)
FindExtremaAccuracyTest: start
N: 1000000
-------------------
offset value: 0.0
random scale: 10.0
Iteration 0 ---
Iteration 100000 ---
Iteration 200000 ---
Iteration 300000 ---
Iteration 400000 ---
Iteration 500000 ---
Iteration 600000 ---
Iteration 700000 ---
Iteration 800000 ---
Iteration 900000 ---
Test done ---
maxCond:   89.89785552523807
ratioCond: 0.5001586818180991
stats(cond) : [1000000: µ=33.77291434584134 σ=19.74546969427223 (58.465400681962784 %) rms=53.518384040113574 min=0.03436640471198871 max=89.89785552523807 sum=3.377291434584134E7]
stats(ratio): [655900: µ=0.06184242529529842 σ=0.06449873279059849 (104.2952835090412 %) rms=0.1263411580858969 min=3.4020582859064416E-13 max=0.5001586818180991 sum=40562.44675118623]
stats(results):
PASSING:	344100
FAIL_LEFT:	280919
FAIL_RIGHT:	281110
FAIL_BOTH:	93871
-------------------
offset value: 0.0
random scale: 1.0E-6
Iteration 0 ---
Iteration 100000 ---
Iteration 200000 ---
Iteration 300000 ---
Iteration 400000 ---
Iteration 500000 ---
Iteration 600000 ---
Iteration 700000 ---
Iteration 800000 ---
Iteration 900000 ---
Test done ---
maxCond:   8.989785552523807E-6
ratioCond: 0.49430373107304404
stats(cond) : [1000000: µ=3.3772914345843357E-6 σ=1.974546969427241E-6 (58.46540068195982 %) rms=5.3518384040115765E-6 min=3.436640471198682E-9 max=8.989785552523807E-6 sum=3.3772914345843357]
stats(ratio): [655123: µ=0.06346831127156272 σ=0.06476694718705221 (102.04611701410016 %) rms=0.12823525845861494 min=9.648163555508658E-12 max=0.49430373107304404 sum=41579.55048515998]
stats(results):
PASSING:	344877
FAIL_LEFT:	280348
FAIL_RIGHT:	280621
FAIL_BOTH:	94154
-------------------
offset value: 0.0
random scale: 1000000.0
Iteration 0 ---
Iteration 100000 ---
Iteration 200000 ---
Iteration 300000 ---
Iteration 400000 ---
Iteration 500000 ---
Iteration 600000 ---
Iteration 700000 ---
Iteration 800000 ---
Iteration 900000 ---
Test done ---
maxCond:   8989785.552523807
ratioCond: 0.49096807556547617
stats(cond) : [1000000: µ=3377291.4345844793 σ=1974546.9694271754 (58.465400681955394 %) rms=5351838.404011655 min=3436.6404711987125 max=8989785.552523807 sum=3.3772914345844795E12]
stats(ratio): [657294: µ=0.06381260053729036 σ=0.06556490811914069 (102.74602126711059 %) rms=0.12937750865643105 min=1.688939895947397E-13 max=0.49096807556547617 sum=41943.63945755773]
stats(results):
PASSING:	342706
FAIL_LEFT:	281151
FAIL_RIGHT:	281890
FAIL_BOTH:	94253
-------------------
offset value: 0.0
random scale: 1.0E9
Iteration 0 ---
Iteration 100000 ---
Iteration 200000 ---
Iteration 300000 ---
Iteration 400000 ---
Iteration 500000 ---
Iteration 600000 ---
Iteration 700000 ---
Iteration 800000 ---
Iteration 900000 ---
Test done ---
maxCond:   8.989785552523808E9
ratioCond: 0.5022670365815548
stats(cond) : [1000000: µ=3.3772914345844855E9 σ=1.9745469694272182E9 (58.46540068195656 %) rms=5.3518384040117035E9 min=3436640.471198559 max=8.989785552523808E9 sum=3.3772914345844855E15]
stats(ratio): [656402: µ=0.06379758896008987 σ=0.06574467044812866 (103.05196719778367 %) rms=0.12954225940821854 min=1.9730449612064335E-10 max=0.5022670365815548 sum=41876.86498858091]
stats(results):
PASSING:	343598
FAIL_LEFT:	281506
FAIL_RIGHT:	281302
FAIL_BOTH:	93594
-------------------
offset value: 1000000.0
random scale: 10.0
Iteration 0 ---
Iteration 100000 ---
Iteration 200000 ---
Iteration 300000 ---
Iteration 400000 ---
Iteration 500000 ---
Iteration 600000 ---
Iteration 700000 ---
Iteration 800000 ---
Iteration 900000 ---
Test done ---
maxCond:   1000089.8978555254
ratioCond: 0.4999995393562893
stats(cond) : [1000000: µ=1000033.7729143652 σ=19.745469694286097 (0.0019744802854750124 %) rms=1000053.5183840594 min=1000000.0343664044 max=1000089.8978555254 sum=1.0000337729143651E12]
stats(ratio): [625038: µ=0.26667816346921785 σ=0.14342548306561068 (53.78223743548691 %) rms=0.41010364653482856 min=2.7084009206990994E-7 max=0.4999995393562893 sum=166683.985938473]
stats(results):
PASSING:	374962
FAIL_LEFT:	249766
FAIL_RIGHT:	250266
FAIL_BOTH:	125006
-------------------
offset value: 1000000.0
random scale: 0.001
Iteration 0 ---
Iteration 100000 ---
Iteration 200000 ---
Iteration 300000 ---
Iteration 400000 ---
Iteration 500000 ---
Iteration 600000 ---
Iteration 700000 ---
Iteration 800000 ---
Iteration 900000 ---
Test done ---
maxCond:   1000000.008989786
ratioCond: 0.49999922881935543
stats(cond) : [1000000: µ=1000000.0033773062 σ=0.001974546977053024 (1.9745469703843746E-7 %) rms=1000000.0053518531 min=1000000.0000034366 max=1000000.008989786 sum=1.0000000033773062E12]
stats(ratio): [624635: µ=0.2665608613598811 σ=0.14329399295393097 (53.75657634917049 %) rms=0.4098548543138121 min=4.7635282160993627E-8 max=0.49999922881935543 sum=166503.24363552933]
stats(results):
PASSING:	375365
FAIL_LEFT:	249123
FAIL_RIGHT:	250105
FAIL_BOTH:	125407
-------------------
offset value: 1000000.0
random scale: 1000000.0
Iteration 0 ---
Iteration 100000 ---
Iteration 200000 ---
Iteration 300000 ---
Iteration 400000 ---
Iteration 500000 ---
Iteration 600000 ---
Iteration 700000 ---
Iteration 800000 ---
Iteration 900000 ---
Test done ---
maxCond:   9989785.552523807
ratioCond: 0.6785317897415821
stats(cond) : [1000000: µ=4377291.4345839815 σ=1974546.9694271665 (45.10887609234152 %) rms=6351838.404011148 min=1003436.6404711991 max=9989785.552523807 sum=4.3772914345839814E12]
stats(ratio): [630035: µ=0.09324550264832111 σ=0.07887643353092914 (84.59006739275625 %) rms=0.17212193617925026 min=1.4010426116005182E-8 max=0.6785317897415821 sum=58747.93026103499]
stats(results):
PASSING:	369965
FAIL_LEFT:	254604
FAIL_RIGHT:	255163
FAIL_BOTH:	120268
-------------------
offset value: 1000000.0
random scale: 1.0E9
Iteration 0 ---
Iteration 100000 ---
Iteration 200000 ---
Iteration 300000 ---
Iteration 400000 ---
Iteration 500000 ---
Iteration 600000 ---
Iteration 700000 ---
Iteration 800000 ---
Iteration 900000 ---
Test done ---
maxCond:   8.990785552523808E9
ratioCond: 0.5022670365815548
stats(cond) : [1000000: µ=3.3782914345844855E9 σ=1.9745469694272182E9 (58.44809447797326 %) rms=5.3528384040117035E9 min=4436640.471198559 max=8.990785552523808E9 sum=3.3782914345844855E15]
stats(ratio): [656136: µ=0.0638388419829702 σ=0.06574743061642657 (102.98969808062232 %) rms=0.12958627259939676 min=3.037605636825805E-8 max=0.5022670365815548 sum=41886.96242333813]
stats(results):
PASSING:	343864
FAIL_LEFT:	281286
FAIL_RIGHT:	281009
FAIL_BOTH:	93841
-------------------
offset value: 1.0E9
random scale: 10.0
Iteration 0 ---
Iteration 100000 ---
Iteration 200000 ---
Iteration 300000 ---
Iteration 400000 ---
Iteration 500000 ---
Iteration 600000 ---
Iteration 700000 ---
Iteration 800000 ---
Iteration 900000 ---
Test done ---
maxCond:   1.000000089897855E9
ratioCond: 0.4999993851027516
stats(cond) : [1000000: µ=1.0000000337729205E9 σ=19.745469709477003 (1.974546904261485E-6 %) rms=1.0000000535183902E9 min=1.0000000000343666E9 max=1.000000089897855E9 sum=1.0000000337729205E15]
stats(ratio): [625309: µ=0.26676854818906326 σ=0.14352059611395437 (53.799669072022304 %) rms=0.41028914430301766 min=7.815092177779856E-9 max=0.4999993851027516 sum=166812.77409955495]
stats(results):
PASSING:	374691
FAIL_LEFT:	249352
FAIL_RIGHT:	250686
FAIL_BOTH:	125271
-------------------
offset value: 1.0E9
random scale: 1000000.0
Iteration 0 ---
Iteration 100000 ---
Iteration 200000 ---
Iteration 300000 ---
Iteration 400000 ---
Iteration 500000 ---
Iteration 600000 ---
Iteration 700000 ---
Iteration 800000 ---
Iteration 900000 ---
Test done ---
maxCond:   1.0089897855525236E9
ratioCond: 0.5013749619273128
stats(cond) : [1000000: µ=1.0033772914345669E9 σ=1974546.9694271726 (0.19679007949283836 %) rms=1.0053518384039941E9 min=1.0000034366404712E9 max=1.0089897855525236E9 sum=1.0033772914345669E15]
stats(ratio): [624890: µ=0.2667081494661638 σ=0.1434639585427722 (53.79061675840276 %) rms=0.410172108008936 min=4.819265052755701E-7 max=0.5013749619273128 sum=166663.2555199111]
stats(results):
PASSING:	375110
FAIL_LEFT:	250006
FAIL_RIGHT:	250015
FAIL_BOTH:	124869
-------------------
offset value: 1.0E9
random scale: 1.0E9
Iteration 0 ---
Iteration 100000 ---
Iteration 200000 ---
Iteration 300000 ---
Iteration 400000 ---
Iteration 500000 ---
Iteration 600000 ---
Iteration 700000 ---
Iteration 800000 ---
Iteration 900000 ---
Test done ---
maxCond:   9.989785552523806E9
ratioCond: 0.6825521441375072
stats(cond) : [1000000: µ=4.377291434584121E9 σ=1.974546969427232E9 (45.108876092341575 %) rms=6.351838404011353E9 min=1.0034366404711986E9 max=9.989785552523806E9 sum=4.377291434584121E15]
stats(ratio): [630835: µ=0.09245601060465428 σ=0.07794095248603991 (84.30057924445674 %) rms=0.1703969630906942 min=4.708459798401369E-7 max=0.6825521441375072 sum=58324.48744978708]
stats(results):
PASSING:	369165
FAIL_LEFT:	255150
FAIL_RIGHT:	255509
FAIL_BOTH:	120176
-------------------
offset value: 1000000.0
random scale: 1000000.0
Iteration 0 ---
Iteration 100000 ---
Iteration 200000 ---
Iteration 300000 ---
Iteration 400000 ---
Iteration 500000 ---
Iteration 600000 ---
Iteration 700000 ---
Iteration 800000 ---
Iteration 900000 ---
Test done ---
maxCond:   9989785.552523807
ratioCond: 0.6785317897415821
stats(cond) : [1000000: µ=4377291.4345839815 σ=1974546.9694271665 (45.10887609234152 %) rms=6351838.404011148 min=1003436.6404711991 max=9989785.552523807 sum=4.3772914345839814E12]
stats(ratio): [630035: µ=0.09324550264832111 σ=0.07887643353092914 (84.59006739275625 %) rms=0.17212193617925026 min=1.4010426116005182E-8 max=0.6785317897415821 sum=58747.93026103499]
stats(results):
PASSING:	369965
FAIL_LEFT:	254604
FAIL_RIGHT:	255163
FAIL_BOTH:	120268
-------------------
offset value: 1.0E7
random scale: 1.0E7
Iteration 0 ---
Iteration 100000 ---
Iteration 200000 ---
Iteration 300000 ---
Iteration 400000 ---
Iteration 500000 ---
Iteration 600000 ---
Iteration 700000 ---
Iteration 800000 ---
Iteration 900000 ---
Test done ---
maxCond:   9.989785552523807E7
ratioCond: 0.6127916539430374
stats(cond) : [1000000: µ=4.377291434584607E7 σ=1.9745469694272064E7 (45.108876092335976 %) rms=6.3518384040118136E7 min=1.0034366404711988E7 max=9.989785552523807E7 sum=4.377291434584607E13]
stats(ratio): [630208: µ=0.09660074628292827 σ=0.07959193551800177 (82.39267146538353 %) rms=0.17619268180093003 min=6.329024994662727E-7 max=0.6127916539430374 sum=60878.56311347165]
stats(results):
PASSING:	369792
FAIL_LEFT:	254183
FAIL_RIGHT:	255440
FAIL_BOTH:	120585
-------------------
offset value: 1.0E8
random scale: 1.0E8
Iteration 0 ---
Iteration 100000 ---
Iteration 200000 ---
Iteration 300000 ---
Iteration 400000 ---
Iteration 500000 ---
Iteration 600000 ---
Iteration 700000 ---
Iteration 800000 ---
Iteration 900000 ---
Test done ---
maxCond:   9.989785552523808E8
ratioCond: 0.5842738684657004
stats(cond) : [1000000: µ=4.3772914345843375E8 σ=1.9745469694272017E8 (45.108876092338654 %) rms=6.351838404011539E8 min=1.0034366404711986E8 max=9.989785552523808E8 sum=4.3772914345843375E14]
stats(ratio): [631413: µ=0.08921343132786497 σ=0.07215399994537974 (80.87795623532207 %) rms=0.1613674312732447 min=5.114797182661191E-7 max=0.5842738684657004 sum=56330.520315021204]
stats(results):
PASSING:	368587
FAIL_LEFT:	255639
FAIL_RIGHT:	256610
FAIL_BOTH:	119164
-------------------
offset value: 1.0E9
random scale: 1.0E9
Iteration 0 ---
Iteration 100000 ---
Iteration 200000 ---
Iteration 300000 ---
Iteration 400000 ---
Iteration 500000 ---
Iteration 600000 ---
Iteration 700000 ---
Iteration 800000 ---
Iteration 900000 ---
Test done ---
maxCond:   9.989785552523806E9
ratioCond: 0.6825521441375072
stats(cond) : [1000000: µ=4.377291434584121E9 σ=1.974546969427232E9 (45.108876092341575 %) rms=6.351838404011353E9 min=1.0034366404711986E9 max=9.989785552523806E9 sum=4.377291434584121E15]
stats(ratio): [630835: µ=0.09245601060465428 σ=0.07794095248603991 (84.30057924445674 %) rms=0.1703969630906942 min=4.708459798401369E-7 max=0.6825521441375072 sum=58324.48744978708]
stats(results):
PASSING:	369165
FAIL_LEFT:	255150
FAIL_RIGHT:	255509
FAIL_BOTH:	120176
-------------------
offset value: 1.0E10
random scale: 1.0E10
Iteration 0 ---
Iteration 100000 ---
Iteration 200000 ---
Iteration 300000 ---
Iteration 400000 ---
Iteration 500000 ---
Iteration 600000 ---
Iteration 700000 ---
Iteration 800000 ---
Iteration 900000 ---
Test done ---
maxCond:   9.989785552523807E10
ratioCond: 0.6879042069759466
stats(cond) : [1000000: µ=4.3772914345843346E10 σ=1.9745469694272682E10 (45.1088760923402 %) rms=6.351838404011603E10 min=1.0034366404711983E10 max=9.989785552523807E10 sum=4.3772914345843344E16]
stats(ratio): [628645: µ=0.09706779131226799 σ=0.080668039121273 (83.10484665481175 %) rms=0.177735830433541 min=3.2622736695370696E-7 max=0.6879042069759466 sum=61021.18166950071]
stats(results):
PASSING:	371355
FAIL_LEFT:	253918
FAIL_RIGHT:	254687
FAIL_BOTH:	120040
-------------------
offset value: 1.0E11
random scale: 1.0E11
Iteration 0 ---
Iteration 100000 ---
Iteration 200000 ---
Iteration 300000 ---
Iteration 400000 ---
Iteration 500000 ---
Iteration 600000 ---
Iteration 700000 ---
Iteration 800000 ---
Iteration 900000 ---
Test done ---
maxCond:   9.989785552523807E11
ratioCond: 0.5985042516834279
stats(cond) : [1000000: µ=4.3772914345843616E11 σ=1.9745469694272357E11 (45.10887609233917 %) rms=6.351838404011597E11 min=1.0034366404711987E11 max=9.989785552523807E11 sum=4.3772914345843616E17]
stats(ratio): [629675: µ=0.09009153996008976 σ=0.07272645541580912 (80.72506635809165 %) rms=0.16281799537589886 min=3.286387162690649E-7 max=0.5985042516834279 sum=56728.390424369514]
stats(results):
PASSING:	370325
FAIL_LEFT:	255301
FAIL_RIGHT:	255318
FAIL_BOTH:	119056
-------------------
offset value: 1.0E12
random scale: 1.0E12
Iteration 0 ---
Iteration 100000 ---
Iteration 200000 ---
Iteration 300000 ---
Iteration 400000 ---
Iteration 500000 ---
Iteration 600000 ---
Iteration 700000 ---
Iteration 800000 ---
Iteration 900000 ---
Test done ---
maxCond:   9.989785552523807E12
ratioCond: 0.7042107016761983
stats(cond) : [1000000: µ=4.377291434584429E12 σ=1.9745469694272036E12 (45.10887609233775 %) rms=6.351838404011633E12 min=1.0034366404711987E12 max=9.989785552523807E12 sum=4.3772914345844291E18]
stats(ratio): [619847: µ=0.09171013579731754 σ=0.07679889905503492 (83.74090648471294 %) rms=0.16850903485235247 min=7.319066356683279E-7 max=0.7042107016761983 sum=56846.25254355989]
stats(results):
PASSING:	380153
FAIL_LEFT:	254239
FAIL_RIGHT:	249630
FAIL_BOTH:	115978
-------------------
offset value: 1.0E13
random scale: 1.0E13
Iteration 0 ---
Iteration 100000 ---
Iteration 200000 ---
Iteration 300000 ---
Iteration 400000 ---
Iteration 500000 ---
Iteration 600000 ---
Iteration 700000 ---
Iteration 800000 ---
Iteration 900000 ---
Test done ---
maxCond:   9.989785552523806E13
ratioCond: 0.6417051517262491
stats(cond) : [1000000: µ=4.3772914345846375E13 σ=1.97454696942721E13 (45.108876092335755 %) rms=6.351838404011848E13 min=1.0034366404711984E13 max=9.989785552523806E13 sum=4.3772914345846374E19]
stats(ratio): [543998: µ=0.09611699819479519 σ=0.08149690137211323 (84.78927026720893 %) rms=0.17761389956690843 min=3.7335849737554556E-7 max=0.6417051517262491 sum=52287.45478397219]
stats(results):
PASSING:	456002
FAIL_LEFT:	244998
FAIL_RIGHT:	214349
FAIL_BOTH:	84651
-------------------
offset value: 1.0E14
random scale: 1.0E14
Iteration 0 ---
Iteration 100000 ---
Iteration 200000 ---
Iteration 300000 ---
Iteration 400000 ---
Iteration 500000 ---
Iteration 600000 ---
Iteration 700000 ---
Iteration 800000 ---
Iteration 900000 ---
Test done ---
maxCond:   9.989785552523806E14
ratioCond: 0.561979690195054
stats(cond) : [1000000: µ=4.3772914345844456E14 σ=1.9745469694272506E14 (45.108876092338654 %) rms=6.351838404011696E14 min=1.0034366404711994E14 max=9.989785552523806E14 sum=4.3772914345844454E20]
stats(ratio): [317245: µ=0.0998570909053287 σ=0.07834173580597259 (78.45385349774097 %) rms=0.17819882671130127 min=1.2789499081854847E-8 max=0.561979690195054 sum=31679.162804261003]
stats(results):
PASSING:	682755
FAIL_LEFT:	160258
FAIL_RIGHT:	155727
FAIL_BOTH:	1260
-------------------
offset value: 1.0E15
random scale: 1.0E15
Iteration 0 ---
Iteration 100000 ---
Iteration 200000 ---
Iteration 300000 ---
Iteration 400000 ---
Iteration 500000 ---
Iteration 600000 ---
Iteration 700000 ---
Iteration 800000 ---
Iteration 900000 ---
Test done ---
maxCond:   9.989785552523806E15
ratioCond: 0.69165167529324
stats(cond) : [1000000: µ=4.3772914345844535E15 σ=1.9745469694272782E15 (45.10887609233921 %) rms=6.351838404011732E15 min=1.003436640471199E15 max=9.989785552523806E15 sum=4.3772914345844534E21]
stats(ratio): [312563: µ=0.0985939575700291 σ=0.07997526403454838 (81.11578640886154 %) rms=0.1785692216045775 min=1.3634721986821523E-7 max=0.69165167529324 sum=30816.823159961008]
stats(results):
PASSING:	687437
FAIL_LEFT:	155896
FAIL_RIGHT:	156667
FAIL_BOTH:	0
-------------------
offset value: 1.0E16
random scale: 1.0E16
Iteration 0 ---
Iteration 100000 ---
Iteration 200000 ---
Iteration 300000 ---
Iteration 400000 ---
Iteration 500000 ---
Iteration 600000 ---
Iteration 700000 ---
Iteration 800000 ---
Iteration 900000 ---
Test done ---
maxCond:   9.989785552523808E16
ratioCond: 0.6702784061064431
stats(cond) : [1000000: µ=4.377291434584228E16 σ=1.9745469694271968E16 (45.10887609233967 %) rms=6.3518384040114248E16 min=1.0034366404711984E16 max=9.989785552523808E16 sum=4.377291434584228E22]
stats(ratio): [312283: µ=0.10378449846041599 σ=0.0855132951549115 (82.39505554630279 %) rms=0.1892977936153275 min=7.922684393321921E-8 max=0.6702784061064431 sum=32410.134532714084]
stats(results):
PASSING:	687717
FAIL_LEFT:	155951
FAIL_RIGHT:	156332
FAIL_BOTH:	0
FindExtremaAccuracyTest: done

