./test.sh 
openjdk version "17" 2021-09-14
OpenJDK Runtime Environment (build 17+35-2724)
OpenJDK 64-Bit Server VM (build 17+35-2724, mixed mode, sharing)
-------------------
FindExtremaAccuracyTest: start
N:         1000000
TYPE:      CUBIC
TEST_MODE: DIST
QUIET_RUN: true
DEBUG:     false
-------------------
offset value: 0.0
random scale: 10.0
Iteration 0 ---
Iteration 100000 ---
Iteration 200000 ---
Iteration 300000 ---
Iteration 400000 ---
Iteration 500000 ---
Iteration 600000 ---
Iteration 700000 ---
Iteration 800000 ---
Iteration 900000 ---
Test done ---
maxCond:       89.89785552523807
ulp(maxCond):  1.4210854715202004E-14
ratioCond:     0.5145345640787946
stats(cond) :  [1000000: µ=33.77291434584134 σ=19.74546969427223 (58.465400681962784 %) rms=53.518384040113574 min=0.03436640471198871 max=89.89785552523807 sum=3.377291434584134E7]
stats(ratio):  [1000000: µ=0.0763866313610874 σ=0.0670174435347816 (87.7345189081363 %) rms=0.143404074895869 min=1.4103420007715916E-8 max=0.5145345640787946 sum=76386.6313610874]
stats(ulp(x)): [1000000: µ=1.4937520740269594E7 σ=1.4886660747084566E10 (99659.51516272766 %) rms=1.4901598267824835E10 min=4.513094402469093E-7 max=1.4886636042236434E13 sum=1.4937520740269594E13]
result stats:
PASSING:	336744
FAIL_LEFT:	288392
FAIL_RIGHT:	288466
FAIL_BOTH:	86398
-------------------
offset value: 0.0
random scale: 1.0E-6
Iteration 0 ---
Iteration 100000 ---
Iteration 200000 ---
Iteration 300000 ---
Iteration 400000 ---
Iteration 500000 ---
Iteration 600000 ---
Iteration 700000 ---
Iteration 800000 ---
Iteration 900000 ---
Test done ---
maxCond:       8.989785552523807E-6
ulp(maxCond):  1.6940658945086007E-21
ratioCond:     0.5084539927125711
stats(cond) :  [1000000: µ=3.3772914345843357E-6 σ=1.974546969427241E-6 (58.46540068195982 %) rms=5.3518384040115765E-6 min=3.436640471198682E-9 max=8.989785552523807E-6 sum=3.3772914345843357]
stats(ratio):  [1000000: µ=0.07821537639904796 σ=0.06708824187857415 (85.77372502344788 %) rms=0.14530361827762212 min=6.499939073870965E-8 max=0.5084539927125711 sum=78215.37639904796]
stats(ulp(x)): [2000000: µ=6.196196597176646E7 σ=7.773423751982321E10 (125454.76293512626 %) rms=7.779619948579498E10 min=4.513094402469093E-7 max=1.0892020252338253E14 sum=1.239239319435329E14]
result stats:
PASSING:	337693
FAIL_LEFT:	287321
FAIL_RIGHT:	287805
FAIL_BOTH:	87181
-------------------
offset value: 0.0
random scale: 1000000.0
Iteration 0 ---
Iteration 100000 ---
Iteration 200000 ---
Iteration 300000 ---
Iteration 400000 ---
Iteration 500000 ---
Iteration 600000 ---
Iteration 700000 ---
Iteration 800000 ---
Iteration 900000 ---
Test done ---
maxCond:       8989785.552523807
ulp(maxCond):  1.862645149230957E-9
ratioCond:     0.48813173764507567
stats(cond) :  [1000000: µ=3377291.4345844793 σ=1974546.9694271754 (58.465400681955394 %) rms=5351838.404011655 min=3436.6404711987125 max=8989785.552523807 sum=3.3772914345844795E12]
stats(ratio):  [1000000: µ=0.07858740195322826 σ=0.06794405907757027 (86.45668057331577 %) rms=0.14653146103079853 min=1.1113372217999762E-7 max=0.48813173764507567 sum=78587.40195322825]
stats(ulp(x)): [3000000: µ=6.279500437694353E7 σ=7.356018349238785E10 (117143.36868395375 %) rms=7.362297849676479E10 min=4.513094402469093E-7 max=1.0892020252338253E14 sum=1.883850131308306E14]
result stats:
PASSING:	335567
FAIL_LEFT:	288295
FAIL_RIGHT:	289029
FAIL_BOTH:	87109
-------------------
offset value: 0.0
random scale: 1.0E9
Iteration 0 ---
Iteration 100000 ---
Iteration 200000 ---
Iteration 300000 ---
Iteration 400000 ---
Iteration 500000 ---
Iteration 600000 ---
Iteration 700000 ---
Iteration 800000 ---
Iteration 900000 ---
Test done ---
maxCond:       8.989785552523808E9
ulp(maxCond):  1.9073486328125E-6
ratioCond:     0.4937373734956173
stats(cond) :  [1000000: µ=3.3772914345844855E9 σ=1.9745469694272182E9 (58.46540068195656 %) rms=5.3518384040117035E9 min=3436640.471198559 max=8.989785552523808E9 sum=3.3772914345844855E15]
stats(ratio):  [1000000: µ=0.0786636310662827 σ=0.06821711021627921 (86.72001189316934 %) rms=0.1468807412825619 min=3.037605636825805E-8 max=0.4937373734956173 sum=78663.6310662827]
stats(ulp(x)): [4000000: µ=4.912107826696953E7 σ=6.383114993280992E10 (129946.55692591316 %) rms=6.388027101107689E10 min=2.430084509460644E-7 max=1.0892020252338253E14 sum=1.9648431306787812E14]
result stats:
PASSING:	336249
FAIL_LEFT:	288742
FAIL_RIGHT:	288649
FAIL_BOTH:	86360
-------------------
offset value: 1000000.0
random scale: 10.0
Iteration 0 ---
Iteration 100000 ---
Iteration 200000 ---
Iteration 300000 ---
Iteration 400000 ---
Iteration 500000 ---
Iteration 600000 ---
Iteration 700000 ---
Iteration 800000 ---
Iteration 900000 ---
Test done ---
maxCond:       1000089.8978555254
ulp(maxCond):  1.1641532182693481E-10
ratioCond:     0.5000002233441811
stats(cond) :  [1000000: µ=1000033.7729143652 σ=19.745469694286097 (0.0019744802854750124 %) rms=1000053.5183840594 min=1000000.0343664044 max=1000089.8978555254 sum=1.0000337729143651E12]
stats(ratio):  [1000000: µ=0.29178840252689303 σ=0.13823855784249814 (47.37630304883595 %) rms=0.43002696036939114 min=2.7084009206990994E-7 max=0.5000002233441811 sum=291788.402526893]
stats(ulp(x)): [5000000: µ=3.929686267193093E7 σ=5.709231808641282E10 (145284.67212013053 %) rms=5.713161494908475E10 min=2.430084509460644E-7 max=1.0892020252338253E14 sum=1.9648431335965466E14]
result stats:
PASSING:	374962
FAIL_LEFT:	249766
FAIL_RIGHT:	250266
FAIL_BOTH:	125006
-------------------
offset value: 1000000.0
random scale: 0.001
Iteration 0 ---
Iteration 100000 ---
Iteration 200000 ---
Iteration 300000 ---
Iteration 400000 ---
Iteration 500000 ---
Iteration 600000 ---
Iteration 700000 ---
Iteration 800000 ---
Iteration 900000 ---
Test done ---
maxCond:       1000000.008989786
ulp(maxCond):  1.1641532182693481E-10
ratioCond:     0.49999971467096277
stats(cond) :  [1000000: µ=1000000.0033773062 σ=0.001974546977053024 (1.9745469703843746E-7 %) rms=1000000.0053518531 min=1000000.0000034366 max=1000000.008989786 sum=1.0000000033773062E12]
stats(ratio):  [1000000: µ=0.2916155613305228 σ=0.1382173616923544 (47.3971145647115 %) rms=0.42983292302287723 min=7.889382899248476E-7 max=0.49999971467096277 sum=291615.5613305228]
stats(ulp(x)): [6000000: µ=3.2747385608544424E7 σ=5.21179186493077E10 (159151.3877544751 %) rms=5.2150666034916245E10 min=2.430084509460644E-7 max=1.0892020252338253E14 sum=1.9648431365126653E14]
result stats:
PASSING:	375365
FAIL_LEFT:	249123
FAIL_RIGHT:	250105
FAIL_BOTH:	125407
-------------------
offset value: 1000000.0
random scale: 1000000.0
Iteration 0 ---
Iteration 100000 ---
Iteration 200000 ---
Iteration 300000 ---
Iteration 400000 ---
Iteration 500000 ---
Iteration 600000 ---
Iteration 700000 ---
Iteration 800000 ---
Iteration 900000 ---
Test done ---
maxCond:       9989785.552523807
ulp(maxCond):  1.862645149230957E-9
ratioCond:     0.6821262083149947
stats(cond) :  [1000000: µ=4377291.4345839815 σ=1974546.9694271665 (45.10887609234152 %) rms=6351838.404011148 min=1003436.6404711991 max=9989785.552523807 sum=4.3772914345839814E12]
stats(ratio):  [1000000: µ=0.10690983684635862 σ=0.08121564683652645 (75.96648655749274 %) rms=0.18812548368288506 min=1.452270331422756E-7 max=0.6821262083149947 sum=106909.83684635862]
stats(ulp(x)): [7000000: µ=2.8069187727955475E7 σ=4.825181743012061E10 (171903.14838382113 %) rms=4.827988661784857E10 min=2.430084509460644E-7 max=1.0892020252338253E14 sum=1.9648431409568834E14]
result stats:
PASSING:	369965
FAIL_LEFT:	254604
FAIL_RIGHT:	255163
FAIL_BOTH:	120268
-------------------
offset value: 1000000.0
random scale: 1.0E9
Iteration 0 ---
Iteration 100000 ---
Iteration 200000 ---
Iteration 300000 ---
Iteration 400000 ---
Iteration 500000 ---
Iteration 600000 ---
Iteration 700000 ---
Iteration 800000 ---
Iteration 900000 ---
Test done ---
maxCond:       8.990785552523808E9
ulp(maxCond):  1.9073486328125E-6
ratioCond:     0.4939662553315548
stats(cond) :  [1000000: µ=3.3782914345844855E9 σ=1.9745469694272182E9 (58.44809447797326 %) rms=5.3528384040117035E9 min=4436640.471198559 max=8.990785552523808E9 sum=3.3782914345844855E15]
stats(ratio):  [1000000: µ=0.0786821391771328 σ=0.06821681021994024 (86.69923178673046 %) rms=0.14689894939707304 min=3.037605636825805E-8 max=0.4939662553315548 sum=78682.1391771328]
stats(ulp(x)): [8000000: µ=2.4560548826924533E7 σ=4.513544282978901E10 (183772.12637980314 %) rms=4.516000337861594E10 min=2.430084509460644E-7 max=1.0892020252338253E14 sum=1.9648439061539625E14]
result stats:
PASSING:	337130
FAIL_LEFT:	287866
FAIL_RIGHT:	287741
FAIL_BOTH:	87263
-------------------
offset value: 1.0E9
random scale: 10.0
Iteration 0 ---
Iteration 100000 ---
Iteration 200000 ---
Iteration 300000 ---
Iteration 400000 ---
Iteration 500000 ---
Iteration 600000 ---
Iteration 700000 ---
Iteration 800000 ---
Iteration 900000 ---
Test done ---
maxCond:       1.000000089897855E9
ulp(maxCond):  1.1920928955078125E-7
ratioCond:     0.4999995652607294
stats(cond) :  [1000000: µ=1.0000000337729205E9 σ=19.745469709477003 (1.974546904261485E-6 %) rms=1.0000000535183902E9 min=1.0000000000343666E9 max=1.000000089897855E9 sum=1.0000000337729205E15]
stats(ratio):  [1000000: µ=0.2917340828618206 σ=0.13822571334287778 (47.3807215073832 %) rms=0.4299597962046984 min=8.090989973272437E-8 max=0.4999995652607294 sum=291734.08286182064]
stats(ulp(x)): [9000000: µ=2.1831598989681713E7 σ=4.255410400023875E10 (194919.7766977633 %) rms=4.257593559922843E10 min=8.090989973272437E-8 max=1.0892020252338253E14 sum=1.964843909071354E14]
result stats:
PASSING:	374690
FAIL_LEFT:	249352
FAIL_RIGHT:	250687
FAIL_BOTH:	125271
-------------------
offset value: 1.0E9
random scale: 1000000.0
Iteration 0 ---
Iteration 100000 ---
Iteration 200000 ---
Iteration 300000 ---
Iteration 400000 ---
Iteration 500000 ---
Iteration 600000 ---
Iteration 700000 ---
Iteration 800000 ---
Iteration 900000 ---
Test done ---
maxCond:       1.0089897855525236E9
ulp(maxCond):  1.1920928955078125E-7
ratioCond:     0.5014541366600657
stats(cond) :  [1000000: µ=1.0033772914345669E9 σ=1974546.9694271726 (0.19679007949283836 %) rms=1.0053518384039941E9 min=1.0000034366404712E9 max=1.0089897855525236E9 sum=1.0033772914345669E15]
stats(ratio):  [1000000: µ=0.291862403473619 σ=0.13821980728233263 (47.357866459434575 %) rms=0.43008221075595165 min=4.819265052755701E-7 max=0.5014541366600657 sum=291862.403473619]
stats(ulp(x)): [10000000: µ=1.96484391198997E7 σ=4.037036803553284E10 (205463.4863827235 %) rms=4.039001647465273E10 min=8.090989973272437E-8 max=1.0892020252338253E14 sum=1.96484391198997E14]
result stats:
PASSING:	375110
FAIL_LEFT:	250006
FAIL_RIGHT:	250015
FAIL_BOTH:	124869
-------------------
offset value: 1.0E9
random scale: 1.0E9
Iteration 0 ---
Iteration 100000 ---
Iteration 200000 ---
Iteration 300000 ---
Iteration 400000 ---
Iteration 500000 ---
Iteration 600000 ---
Iteration 700000 ---
Iteration 800000 ---
Iteration 900000 ---
Test done ---
maxCond:       9.989785552523806E9
ulp(maxCond):  1.9073486328125E-6
ratioCond:     0.7236593489831551
stats(cond) :  [1000000: µ=4.377291434584121E9 σ=1.974546969427232E9 (45.108876092341575 %) rms=6.351838404011353E9 min=1.0034366404711986E9 max=9.989785552523806E9 sum=4.377291434584121E15]
stats(ratio):  [1000000: µ=0.10618940017398647 σ=0.08030600842322914 (75.62525853960135 %) rms=0.1864954085972156 min=6.236894486491773E-7 max=0.7236593489831551 sum=106189.40017398646]
stats(ulp(x)): [11000000: µ=1.7862217422426324E7 σ=3.849163587543902E10 (215491.9233438067 %) rms=3.850949809286144E10 min=8.090989973272437E-8 max=1.0892020252338253E14 sum=1.9648439164668956E14]
result stats:
PASSING:	369152
FAIL_LEFT:	255149
FAIL_RIGHT:	255516
FAIL_BOTH:	120183
-------------------
offset value: 1000000.0
random scale: 1000000.0
Iteration 0 ---
Iteration 100000 ---
Iteration 200000 ---
Iteration 300000 ---
Iteration 400000 ---
Iteration 500000 ---
Iteration 600000 ---
Iteration 700000 ---
Iteration 800000 ---
Iteration 900000 ---
Test done ---
maxCond:       9989785.552523807
ulp(maxCond):  1.862645149230957E-9
ratioCond:     0.6821262083149947
stats(cond) :  [1000000: µ=4377291.4345839815 σ=1974546.9694271665 (45.10887609234152 %) rms=6351838.404011148 min=1003436.6404711991 max=9989785.552523807 sum=4.3772914345839814E12]
stats(ratio):  [1000000: µ=0.10690983684635862 σ=0.08121564683652645 (75.96648655749274 %) rms=0.18812548368288506 min=1.452270331422756E-7 max=0.6821262083149947 sum=106909.83684635862]
stats(ulp(x)): [12000000: µ=1.6373699340925822E7 σ=3.685293580010919E10 (225073.97401634103 %) rms=3.686930949945012E10 min=8.090989973272437E-8 max=1.0892020252338253E14 sum=1.9648439209110988E14]
result stats:
PASSING:	369965
FAIL_LEFT:	254604
FAIL_RIGHT:	255163
FAIL_BOTH:	120268
-------------------
offset value: 1.0E7
random scale: 1.0E7
Iteration 0 ---
Iteration 100000 ---
Iteration 200000 ---
Iteration 300000 ---
Iteration 400000 ---
Iteration 500000 ---
Iteration 600000 ---
Iteration 700000 ---
Iteration 800000 ---
Iteration 900000 ---
Test done ---
maxCond:       9.989785552523807E7
ulp(maxCond):  1.4901161193847656E-8
ratioCond:     0.6156456765629036
stats(cond) :  [1000000: µ=4.377291434584607E7 σ=1.9745469694272064E7 (45.108876092335976 %) rms=6.3518384040118136E7 min=1.0034366404711988E7 max=9.989785552523807E7 sum=4.377291434584607E13]
stats(ratio):  [1000000: µ=0.10924061107553366 σ=0.08185429577474057 (74.93028002026003 %) rms=0.19109490685027425 min=1.055311173338348E-7 max=0.6156456765629036 sum=109240.61107553367]
stats(ulp(x)): [13000000: µ=1.5114184038299046E7 σ=3.5407155587151596E10 (234264.42008004242 %) rms=3.5422269771189896E10 min=8.090989973272437E-8 max=1.0892020252338253E14 sum=1.964843924978876E14]
result stats:
PASSING:	369791
FAIL_LEFT:	254184
FAIL_RIGHT:	255440
FAIL_BOTH:	120585
-------------------
offset value: 1.0E8
random scale: 1.0E8
Iteration 0 ---
Iteration 100000 ---
Iteration 200000 ---
Iteration 300000 ---
Iteration 400000 ---
Iteration 500000 ---
Iteration 600000 ---
Iteration 700000 ---
Iteration 800000 ---
Iteration 900000 ---
Test done ---
maxCond:       9.989785552523808E8
ulp(maxCond):  1.1920928955078125E-7
ratioCond:     0.5842738684657004
stats(cond) :  [1000000: µ=4.3772914345843375E8 σ=1.9745469694272017E8 (45.108876092338654 %) rms=6.351838404011539E8 min=1.0034366404711986E8 max=9.989785552523808E8 sum=4.3772914345843375E14]
stats(ratio):  [1000000: µ=0.10180107909587914 σ=0.07395035858825381 (72.64201838038011 %) rms=0.17575143768413296 min=7.507782978539459E-7 max=0.5842738684657004 sum=101801.07909587915]
stats(ulp(x)): [14000000: µ=1.403459949596924E7 σ=3.4119188977374565E10 (243107.67818614029 %) rms=3.4133223576870533E10 min=8.090989973272437E-8 max=1.0892020252338253E14 sum=1.9648439294356934E14]
result stats:
PASSING:	368586
FAIL_LEFT:	255639
FAIL_RIGHT:	256611
FAIL_BOTH:	119164
-------------------
offset value: 1.0E9
random scale: 1.0E9
Iteration 0 ---
Iteration 100000 ---
Iteration 200000 ---
Iteration 300000 ---
Iteration 400000 ---
Iteration 500000 ---
Iteration 600000 ---
Iteration 700000 ---
Iteration 800000 ---
Iteration 900000 ---
Test done ---
maxCond:       9.989785552523806E9
ulp(maxCond):  1.9073486328125E-6
ratioCond:     0.7236593489831551
stats(cond) :  [1000000: µ=4.377291434584121E9 σ=1.974546969427232E9 (45.108876092341575 %) rms=6.351838404011353E9 min=1.0034366404711986E9 max=9.989785552523806E9 sum=4.377291434584121E15]
stats(ratio):  [1000000: µ=0.10618940017398647 σ=0.08030600842322914 (75.62525853960135 %) rms=0.1864954085972156 min=6.236894486491773E-7 max=0.7236593489831551 sum=106189.40017398646]
stats(ulp(x)): [15000000: µ=1.3098959559416357E7 σ=3.296226822378027E10 (251640.35413854616 %) rms=3.2975367183339687E10 min=8.090989973272437E-8 max=1.0892020252338253E14 sum=1.9648439339124538E14]
result stats:
PASSING:	369152
FAIL_LEFT:	255149
FAIL_RIGHT:	255516
FAIL_BOTH:	120183
-------------------
offset value: 1.0E10
random scale: 1.0E10
Iteration 0 ---
Iteration 100000 ---
Iteration 200000 ---
Iteration 300000 ---
Iteration 400000 ---
Iteration 500000 ---
Iteration 600000 ---
Iteration 700000 ---
Iteration 800000 ---
Iteration 900000 ---
Test done ---
maxCond:       9.989785552523807E10
ulp(maxCond):  1.52587890625E-5
ratioCond:     0.6879042069759466
stats(cond) :  [1000000: µ=4.3772914345843346E10 σ=1.9745469694272682E10 (45.1088760923402 %) rms=6.351838404011603E10 min=1.0034366404711983E10 max=9.989785552523807E10 sum=4.3772914345843344E16]
stats(ratio):  [1000000: µ=0.10985811886124724 σ=0.08300928991825231 (75.56045086034517 %) rms=0.19286740877949954 min=2.91916281266039E-7 max=0.6879042069759466 sum=109858.11886124725]
stats(ulp(x)): [16000000: µ=1.2280274612550782E7 σ=3.1915579062014606E10 (259893.04041618088 %) rms=3.192785933662716E10 min=8.090989973272437E-8 max=1.0892020252338253E14 sum=1.964843938008125E14]
result stats:
PASSING:	371273
FAIL_LEFT:	253920
FAIL_RIGHT:	254728
FAIL_BOTH:	120079
-------------------
offset value: 1.0E11
random scale: 1.0E11
Iteration 0 ---
Iteration 100000 ---
Iteration 200000 ---
Iteration 300000 ---
Iteration 400000 ---
Iteration 500000 ---
Iteration 600000 ---
Iteration 700000 ---
Iteration 800000 ---
Iteration 900000 ---
Test done ---
maxCond:       9.989785552523807E11
ulp(maxCond):  1.220703125E-4
ratioCond:     0.5985042516834279
stats(cond) :  [1000000: µ=4.3772914345843616E11 σ=1.9745469694272357E11 (45.10887609233917 %) rms=6.351838404011597E11 min=1.0034366404711987E11 max=9.989785552523807E11 sum=4.3772914345843616E17]
stats(ratio):  [1000000: µ=0.10288662099477407 σ=0.07466645884353058 (72.5715920317017 %) rms=0.17755307983830465 min=5.984181763953547E-8 max=0.5985042516834279 sum=102886.62099477407]
stats(ulp(x)): [17000000: µ=1.155790554367012E7 σ=3.096265974270273E10 (267891.6143215926 %) rms=3.09742176482464E10 min=8.090989973272437E-8 max=1.0892020252338253E14 sum=1.9648439424239203E14]
result stats:
PASSING:	369450
FAIL_LEFT:	255356
FAIL_RIGHT:	255785
FAIL_BOTH:	119409
-------------------
offset value: 1.0E12
random scale: 1.0E12
Iteration 0 ---
Iteration 100000 ---
Iteration 200000 ---
Iteration 300000 ---
Iteration 400000 ---
Iteration 500000 ---
Iteration 600000 ---
Iteration 700000 ---
Iteration 800000 ---
Iteration 900000 ---
Test done ---
maxCond:       9.989785552523807E12
ulp(maxCond):  0.001953125
ratioCond:     0.7042109340082738
stats(cond) :  [1000000: µ=4.377291434584429E12 σ=1.9745469694272036E12 (45.10887609233775 %) rms=6.351838404011633E12 min=1.0034366404711987E12 max=9.989785552523807E12 sum=4.3772914345844291E18]
stats(ratio):  [1000000: µ=0.10535467188005898 σ=0.07917623751001882 (75.15208969580105 %) rms=0.1845309093900778 min=3.5149681651489814E-8 max=0.7042109340082738 sum=105354.67188005899]
stats(ulp(x)): [18000000: µ=1.091579970517384E7 σ=3.0090296649988804E10 (275658.196950304 %) rms=3.0101212449693977E10 min=8.090989973272437E-8 max=1.0892020252338253E14 sum=1.9648439469312912E14]
result stats:
PASSING:	369855
FAIL_LEFT:	254804
FAIL_RIGHT:	255205
FAIL_BOTH:	120136
-------------------
offset value: 1.0E13
random scale: 1.0E13
Iteration 0 ---
Iteration 100000 ---
Iteration 200000 ---
Iteration 300000 ---
Iteration 400000 ---
Iteration 500000 ---
Iteration 600000 ---
Iteration 700000 ---
Iteration 800000 ---
Iteration 900000 ---
Test done ---
maxCond:       9.989785552523806E13
ulp(maxCond):  0.015625
ratioCond:     0.6512065826200703
stats(cond) :  [1000000: µ=4.3772914345846375E13 σ=1.97454696942721E13 (45.108876092335755 %) rms=6.351838404011848E13 min=1.0034366404711984E13 max=9.989785552523806E13 sum=4.3772914345846374E19]
stats(ratio):  [1000000: µ=0.11027474982469744 σ=0.08430930806223581 (76.45386472992358 %) rms=0.19458405788693325 min=4.93037943783904E-7 max=0.6512065826200703 sum=110274.74982469744]
stats(ulp(x)): [19000000: µ=1.0341283952956636E7 σ=2.9287744167473E10 (283211.8748571782 %) rms=2.9298085451425957E10 min=8.090989973272437E-8 max=1.0892020252338253E14 sum=1.9648439510617606E14]
result stats:
PASSING:	370118
FAIL_LEFT:	254812
FAIL_RIGHT:	254649
FAIL_BOTH:	120421
-------------------
offset value: 1.0E14
random scale: 1.0E14
Iteration 0 ---
Iteration 100000 ---
Iteration 200000 ---
Iteration 300000 ---
Iteration 400000 ---
Iteration 500000 ---
Iteration 600000 ---
Iteration 700000 ---
Iteration 800000 ---
Iteration 900000 ---
Test done ---
maxCond:       9.989785552523806E14
ulp(maxCond):  0.125
ratioCond:     0.5991816121093911
stats(cond) :  [1000000: µ=4.3772914345844456E14 σ=1.9745469694272506E14 (45.108876092338654 %) rms=6.351838404011696E14 min=1.0034366404711994E14 max=9.989785552523806E14 sum=4.3772914345844454E20]
stats(ratio):  [1000000: µ=0.10402191181282396 σ=0.07529984785490253 (72.38844830154282 %) rms=0.17932175966772648 min=3.340488985291887E-8 max=0.5991816121093911 sum=104021.91181282395]
stats(ulp(x)): [20000000: µ=9824219.777157327 σ=2.854616197376187E10 (290569.25253378035 %) rms=2.855598619353903E10 min=6.680977970583774E-8 max=1.0892020252338253E14 sum=1.9648439554314653E14]
result stats:
PASSING:	369558
FAIL_LEFT:	255404
FAIL_RIGHT:	255559
FAIL_BOTH:	119479
-------------------
offset value: 1.0E15
random scale: 1.0E15
Iteration 0 ---
Iteration 100000 ---
Iteration 200000 ---
Iteration 300000 ---
Iteration 400000 ---
Iteration 500000 ---
Iteration 600000 ---
Iteration 700000 ---
Iteration 800000 ---
Iteration 900000 ---
Test done ---
maxCond:       9.989785552523806E15
ulp(maxCond):  2.0
ratioCond:     0.7057018997589712
stats(cond) :  [1000000: µ=4.3772914345844535E15 σ=1.9745469694272782E15 (45.10887609233921 %) rms=6.351838404011732E15 min=1.003436640471199E15 max=9.989785552523806E15 sum=4.3772914345844534E21]
stats(ratio):  [1000000: µ=0.10438940962153158 σ=0.0780675474151763 (74.78493048117969 %) rms=0.1824569570367079 min=7.791018765308537E-8 max=0.7057018997589712 sum=104389.40962153158]
stats(ulp(x)): [21000000: µ=9356399.809420723 σ=2.7858201597994514E10 (297744.882277741 %) rms=2.7867557997803936E10 min=6.680977970583774E-8 max=1.0892020252338253E14 sum=1.964843959978352E14]
result stats:
PASSING:	368925
FAIL_LEFT:	255095
FAIL_RIGHT:	256243
FAIL_BOTH:	119737
-------------------
offset value: 1.0E16
random scale: 1.0E16
Iteration 0 ---
Iteration 100000 ---
Iteration 200000 ---
Iteration 300000 ---
Iteration 400000 ---
Iteration 500000 ---
Iteration 600000 ---
Iteration 700000 ---
Iteration 800000 ---
Iteration 900000 ---
Test done ---
maxCond:       9.989785552523808E16
ulp(maxCond):  16.0
ratioCond:     0.6702784061064431
stats(cond) :  [1000000: µ=4.377291434584228E16 σ=1.9745469694271968E16 (45.10887609233967 %) rms=6.3518384040114248E16 min=1.0034366404711984E16 max=9.989785552523808E16 sum=4.377291434584228E22]
stats(ratio):  [1000000: µ=0.11047589629644354 σ=0.08497859229816405 (76.92048233773842 %) rms=0.1954544885946076 min=4.777361000476094E-7 max=0.6702784061064431 sum=110475.89629644353]
stats(ulp(x)): [22000000: µ=8931108.927910397 σ=2.7217697593211777E10 (304751.6026610581 %) rms=2.7226628702139687E10 min=6.680977970583774E-8 max=1.0892020252338253E14 sum=1.9648439641402872E14]
result stats:
PASSING:	371016
FAIL_LEFT:	254014
FAIL_RIGHT:	255306
FAIL_BOTH:	119664
FindExtremaAccuracyTest: done
-------------------

