./test.sh 
openjdk version "17" 2021-09-14
OpenJDK Runtime Environment (build 17+35-2724)
OpenJDK 64-Bit Server VM (build 17+35-2724, mixed mode, sharing)
-------------------
FindExtremaAccuracyTest: start
USE_PATH_ITER: false
N: 1000000
TYPE: CUBIC
TEST_MODE: EDGE_OR
-------------------
offset value: 0.0
random scale: 10.0
Iteration 0 ---
Iteration 100000 ---
Iteration 200000 ---
Iteration 300000 ---
Iteration 400000 ---
Iteration 500000 ---
Iteration 600000 ---
Iteration 700000 ---
Iteration 800000 ---
Iteration 900000 ---
Test done ---
maxCond:       89.89785552523807
ulp(maxCond):  1.4210854715202004E-14
ratioCond:     0.5001586818180991
stats(cond) :  [1000000: µ=33.77291434584134 σ=19.74546969427223 (58.465400681962784 %) rms=53.518384040113574 min=0.03436640471198871 max=89.89785552523807 sum=3.377291434584134E7]
stats(ratio):  [663256: µ=0.06055792795572222 σ=0.06466975945264085 (106.78991444344834 %) rms=0.12522768740836307 min=3.4020582859064416E-13 max=0.5001586818180991 sum=40165.409064200496]
stats(ulp(x)): [663256: µ=2.2511882792489834E7 σ=1.8279179328497505E10 (81197.91443919388 %) rms=1.8301691211289993E10 min=4.513094402469093E-7 max=1.4886636042236434E13 sum=1.4931141333415637E13]
result stats:
PASSING:	336744
FAIL_LEFT:	288392
FAIL_RIGHT:	288466
FAIL_BOTH:	86398
-------------------
offset value: 0.0
random scale: 1.0E-6
Iteration 0 ---
Iteration 100000 ---
Iteration 200000 ---
Iteration 300000 ---
Iteration 400000 ---
Iteration 500000 ---
Iteration 600000 ---
Iteration 700000 ---
Iteration 800000 ---
Iteration 900000 ---
Test done ---
maxCond:       8.989785552523807E-6
ulp(maxCond):  1.6940658945086007E-21
ratioCond:     0.5084539927125711
stats(cond) :  [1000000: µ=3.3772914345843357E-6 σ=1.974546969427241E-6 (58.46540068195982 %) rms=5.3518384040115765E-6 min=3.436640471198682E-9 max=8.989785552523807E-6 sum=3.3772914345843357]
stats(ratio):  [662307: µ=0.06221710441433834 σ=0.06494835097936964 (104.38986447656326 %) rms=0.127165455393708 min=9.648163555508658E-12 max=0.5084539927125711 sum=41206.82377334718]
stats(ulp(x)): [1325563: µ=1.127456522591431E7 σ=1.2929958512559336E10 (114682.54654148564 %) rms=1.294123307778525E10 min=4.513094402469093E-7 max=1.4886636042236434E13 sum=1.4945146504558652E13]
result stats:
PASSING:	337693
FAIL_LEFT:	287321
FAIL_RIGHT:	287805
FAIL_BOTH:	87181
-------------------
offset value: 0.0
random scale: 1000000.0
Iteration 0 ---
Iteration 100000 ---
Iteration 200000 ---
Iteration 300000 ---
Iteration 400000 ---
Iteration 500000 ---
Iteration 600000 ---
Iteration 700000 ---
Iteration 800000 ---
Iteration 900000 ---
Test done ---
maxCond:       8989785.552523807
ulp(maxCond):  1.862645149230957E-9
ratioCond:     0.4841422931780744
stats(cond) :  [1000000: µ=3377291.4345844793 σ=1974546.9694271754 (58.465400681955394 %) rms=5351838.404011655 min=3436.6404711987125 max=8989785.552523807 sum=3.3772914345844795E12]
stats(ratio):  [664433: µ=0.06256661630876172 σ=0.06575396545792594 (105.09432879258628 %) rms=0.12832058176668765 min=1.688939895947397E-13 max=0.4841422931780744 sum=41571.32457387947]
stats(ulp(x)): [1989996: µ=7516994.281671663 σ=1.0552885708145296E10 (140387.03919033046 %) rms=1.0560402702426968E10 min=4.513094402469093E-7 max=1.4886636042236434E13 sum=1.4958788552549482E13]
result stats:
PASSING:	335567
FAIL_LEFT:	288295
FAIL_RIGHT:	289029
FAIL_BOTH:	87109
-------------------
offset value: 0.0
random scale: 1.0E9
Iteration 0 ---
Iteration 100000 ---
Iteration 200000 ---
Iteration 300000 ---
Iteration 400000 ---
Iteration 500000 ---
Iteration 600000 ---
Iteration 700000 ---
Iteration 800000 ---
Iteration 900000 ---
Test done ---
maxCond:       8.989785552523808E9
ulp(maxCond):  1.9073486328125E-6
ratioCond:     0.4937373734956173
stats(cond) :  [1000000: µ=3.3772914345844855E9 σ=1.9745469694272182E9 (58.46540068195656 %) rms=5.3518384040117035E9 min=3436640.471198559 max=8.989785552523808E9 sum=3.3772914345844855E15]
stats(ratio):  [663744: µ=0.06253235188253686 σ=0.0659402280793811 (105.44978094418346 %) rms=0.12847257996191797 min=7.293855997316648E-12 max=0.4937373734956173 sum=41505.47336792255]
stats(ulp(x)): [2653740: µ=8684365.731741274 σ=1.0380856002551996E10 (119534.99338023117 %) rms=1.0389540368283737E10 min=2.430084509460644E-7 max=1.4886636042236434E13 sum=2.3046048716951086E13]
result stats:
PASSING:	336256
FAIL_LEFT:	288744
FAIL_RIGHT:	288644
FAIL_BOTH:	86356
-------------------
offset value: 1000000.0
random scale: 10.0
Iteration 0 ---
Iteration 100000 ---
Iteration 200000 ---
Iteration 300000 ---
Iteration 400000 ---
Iteration 500000 ---
Iteration 600000 ---
Iteration 700000 ---
Iteration 800000 ---
Iteration 900000 ---
Test done ---
maxCond:       1000089.8978555254
ulp(maxCond):  1.1641532182693481E-10
ratioCond:     0.4999995393562893
stats(cond) :  [1000000: µ=1000033.7729143652 σ=19.745469694286097 (0.0019744802854750124 %) rms=1000053.5183840594 min=1000000.0343664044 max=1000089.8978555254 sum=1.0000337729143651E12]
stats(ratio):  [625038: µ=0.26667816346921785 σ=0.14342548306561068 (53.78223743548691 %) rms=0.41010364653482856 min=2.7084009206990994E-7 max=0.4999995393562893 sum=166683.985938473]
stats(ulp(x)): [3278778: µ=7028853.092107725 σ=9.339128677492968E9 (132868.4574156104 %) rms=9.346157530585075E9 min=2.430084509460644E-7 max=1.4886636042236434E13 sum=2.3046048883634785E13]
result stats:
PASSING:	374962
FAIL_LEFT:	249766
FAIL_RIGHT:	250266
FAIL_BOTH:	125006
-------------------
offset value: 1000000.0
random scale: 0.001
Iteration 0 ---
Iteration 100000 ---
Iteration 200000 ---
Iteration 300000 ---
Iteration 400000 ---
Iteration 500000 ---
Iteration 600000 ---
Iteration 700000 ---
Iteration 800000 ---
Iteration 900000 ---
Test done ---
maxCond:       1000000.008989786
ulp(maxCond):  1.1641532182693481E-10
ratioCond:     0.49999922881935543
stats(cond) :  [1000000: µ=1000000.0033773062 σ=0.001974546977053024 (1.9745469703843746E-7 %) rms=1000000.0053518531 min=1000000.0000034366 max=1000000.008989786 sum=1.0000000033773062E12]
stats(ratio):  [624635: µ=0.2665608613598811 σ=0.14329399295393097 (53.75657634917049 %) rms=0.4098548543138121 min=4.7635282160993627E-8 max=0.49999922881935543 sum=166503.24363552933]
stats(ulp(x)): [3903413: µ=5904076.522299621 σ=8.559336933742561E9 (144973.34005435152 %) rms=8.565241010264861E9 min=4.7635282160993627E-8 max=1.4886636042236434E13 sum=2.3046049050139133E13]
result stats:
PASSING:	375365
FAIL_LEFT:	249123
FAIL_RIGHT:	250105
FAIL_BOTH:	125407
-------------------
offset value: 1000000.0
random scale: 1000000.0
Iteration 0 ---
Iteration 100000 ---
Iteration 200000 ---
Iteration 300000 ---
Iteration 400000 ---
Iteration 500000 ---
Iteration 600000 ---
Iteration 700000 ---
Iteration 800000 ---
Iteration 900000 ---
Test done ---
maxCond:       9989785.552523807
ulp(maxCond):  1.862645149230957E-9
ratioCond:     0.6785317897415821
stats(cond) :  [1000000: µ=4377291.4345839815 σ=1974546.9694271665 (45.10887609234152 %) rms=6351838.404011148 min=1003436.6404711991 max=9989785.552523807 sum=4.3772914345839814E12]
stats(ratio):  [630035: µ=0.09324550264832111 σ=0.07887643353092914 (84.59006739275625 %) rms=0.17212193617925026 min=1.4010426116005182E-8 max=0.6785317897415821 sum=58747.93026103499]
stats(ulp(x)): [4533448: µ=5083558.76139965 σ=7.942332451748349E9 (156235.67710195202 %) rms=7.947416010509748E9 min=2.8020852232010364E-8 max=1.4886636042236434E13 sum=2.304604929974972E13]
result stats:
PASSING:	369965
FAIL_LEFT:	254604
FAIL_RIGHT:	255163
FAIL_BOTH:	120268
-------------------
offset value: 1000000.0
random scale: 1.0E9
Iteration 0 ---
Iteration 100000 ---
Iteration 200000 ---
Iteration 300000 ---
Iteration 400000 ---
Iteration 500000 ---
Iteration 600000 ---
Iteration 700000 ---
Iteration 800000 ---
Iteration 900000 ---
Test done ---
maxCond:       8.990785552523808E9
ulp(maxCond):  1.9073486328125E-6
ratioCond:     0.4939662553315548
stats(cond) :  [1000000: µ=3.3782914345844855E9 σ=1.9745469694272182E9 (58.44809447797326 %) rms=5.3528384040117035E9 min=4436640.471198559 max=8.990785552523808E9 sum=3.3782914345844855E15]
stats(ratio):  [662863: µ=0.06263469642756148 σ=0.06594761324586923 (105.28926778169863 %) rms=0.1285823096734307 min=2.8264303998122865E-9 max=0.4939662553315548 sum=41518.222778062685]
stats(ulp(x)): [5196311: µ=4435085.147514711 σ=7.418478093187914E9 (167267.99703823065 %) rms=7.422913178335428E9 min=2.8020852232010364E-8 max=1.4886636042236434E13 sum=2.3046081737967316E13]
result stats:
PASSING:	337137
FAIL_LEFT:	287868
FAIL_RIGHT:	287736
FAIL_BOTH:	87259
-------------------
offset value: 1.0E9
random scale: 10.0
Iteration 0 ---
Iteration 100000 ---
Iteration 200000 ---
Iteration 300000 ---
Iteration 400000 ---
Iteration 500000 ---
Iteration 600000 ---
Iteration 700000 ---
Iteration 800000 ---
Iteration 900000 ---
Test done ---
maxCond:       1.000000089897855E9
ulp(maxCond):  1.1920928955078125E-7
ratioCond:     0.4999993851027516
stats(cond) :  [1000000: µ=1.0000000337729205E9 σ=19.745469709477003 (1.974546904261485E-6 %) rms=1.0000000535183902E9 min=1.0000000000343666E9 max=1.000000089897855E9 sum=1.0000000337729205E15]
stats(ratio):  [625309: µ=0.26676854818906326 σ=0.14352059611395437 (53.799669072022304 %) rms=0.41028914430301766 min=7.815092177779856E-9 max=0.4999993851027516 sum=166812.77409955495]
stats(ulp(x)): [5821620: µ=3958705.97956935 σ=7.008748292831103E9 (177046.4472229775 %) rms=7.012706998810673E9 min=7.815092177779856E-9 max=1.4886636042236434E13 sum=2.304608190478052E13]
result stats:
PASSING:	374691
FAIL_LEFT:	249352
FAIL_RIGHT:	250686
FAIL_BOTH:	125271
-------------------
offset value: 1.0E9
random scale: 1000000.0
Iteration 0 ---
Iteration 100000 ---
Iteration 200000 ---
Iteration 300000 ---
Iteration 400000 ---
Iteration 500000 ---
Iteration 600000 ---
Iteration 700000 ---
Iteration 800000 ---
Iteration 900000 ---
Test done ---
maxCond:       1.0089897855525236E9
ulp(maxCond):  1.1920928955078125E-7
ratioCond:     0.5013749619273128
stats(cond) :  [1000000: µ=1.0033772914345669E9 σ=1974546.9694271726 (0.19679007949283836 %) rms=1.0053518384039941E9 min=1.0000034366404712E9 max=1.0089897855525236E9 sum=1.0033772914345669E15]
stats(ratio):  [624890: µ=0.2667081494661638 σ=0.1434639585427722 (53.79061675840276 %) rms=0.410172108008936 min=4.819265052755701E-7 max=0.5013749619273128 sum=166663.2555199111]
stats(ulp(x)): [6446510: µ=3574970.3438672656 σ=6.6603961797408085E9 (186306.33373411 %) rms=6.663971150084676E9 min=7.815092177779856E-9 max=1.4886636042236434E13 sum=2.3046082071443766E13]
result stats:
PASSING:	375110
FAIL_LEFT:	250006
FAIL_RIGHT:	250015
FAIL_BOTH:	124869
-------------------
offset value: 1.0E9
random scale: 1.0E9
Iteration 0 ---
Iteration 100000 ---
Iteration 200000 ---
Iteration 300000 ---
Iteration 400000 ---
Iteration 500000 ---
Iteration 600000 ---
Iteration 700000 ---
Iteration 800000 ---
Iteration 900000 ---
Test done ---
maxCond:       9.989785552523806E9
ulp(maxCond):  1.9073486328125E-6
ratioCond:     0.6825521441375072
stats(cond) :  [1000000: µ=4.377291434584121E9 σ=1.974546969427232E9 (45.108876092341575 %) rms=6.351838404011353E9 min=1.0034366404711986E9 max=9.989785552523806E9 sum=4.377291434584121E15]
stats(ratio):  [630835: µ=0.09245601060465428 σ=0.07794095248603991 (84.30057924445674 %) rms=0.1703969630906942 min=4.708459798401369E-7 max=0.6825521441375072 sum=58324.48744978708]
stats(ulp(x)): [7077345: µ=3256317.492303296 σ=6.3566340893012905E9 (195209.2848540098 %) rms=6.359890406793593E9 min=7.815092177779856E-9 max=1.4886636042236434E13 sum=2.304608232256527E13]
result stats:
PASSING:	369165
FAIL_LEFT:	255150
FAIL_RIGHT:	255509
FAIL_BOTH:	120176
-------------------
offset value: 1000000.0
random scale: 1000000.0
Iteration 0 ---
Iteration 100000 ---
Iteration 200000 ---
Iteration 300000 ---
Iteration 400000 ---
Iteration 500000 ---
Iteration 600000 ---
Iteration 700000 ---
Iteration 800000 ---
Iteration 900000 ---
Test done ---
maxCond:       9989785.552523807
ulp(maxCond):  1.862645149230957E-9
ratioCond:     0.6785317897415821
stats(cond) :  [1000000: µ=4377291.4345839815 σ=1974546.9694271665 (45.10887609234152 %) rms=6351838.404011148 min=1003436.6404711991 max=9989785.552523807 sum=4.3772914345839814E12]
stats(ratio):  [630035: µ=0.09324550264832111 σ=0.07887643353092914 (84.59006739275625 %) rms=0.17212193617925026 min=1.4010426116005182E-8 max=0.6785317897415821 sum=58747.93026103499]
stats(ulp(x)): [7707380: µ=2990131.8699969803 σ=6.091286296511604E9 (203712.96522510078 %) rms=6.094276428381601E9 min=7.815092177779856E-9 max=1.4886636042236434E13 sum=2.3046082572177324E13]
result stats:
PASSING:	369965
FAIL_LEFT:	254604
FAIL_RIGHT:	255163
FAIL_BOTH:	120268
-------------------
offset value: 1.0E7
random scale: 1.0E7
Iteration 0 ---
Iteration 100000 ---
Iteration 200000 ---
Iteration 300000 ---
Iteration 400000 ---
Iteration 500000 ---
Iteration 600000 ---
Iteration 700000 ---
Iteration 800000 ---
Iteration 900000 ---
Test done ---
maxCond:       9.989785552523807E7
ulp(maxCond):  1.4901161193847656E-8
ratioCond:     0.6127916539430374
stats(cond) :  [1000000: µ=4.377291434584607E7 σ=1.9745469694272064E7 (45.108876092335976 %) rms=6.3518384040118136E7 min=1.0034366404711988E7 max=9.989785552523807E7 sum=4.377291434584607E13]
stats(ratio):  [630208: µ=0.09660074628292827 σ=0.07959193551800177 (82.39267146538353 %) rms=0.17619268180093003 min=6.329024994662727E-7 max=0.6127916539430374 sum=60878.56311347165]
stats(ulp(x)): [8337588: µ=2764118.6878070356 σ=5.856554438632051E9 (211877.82074866173 %) rms=5.859318557319859E9 min=7.815092177779856E-9 max=1.4886636042236434E13 sum=2.3046082802035688E13]
result stats:
PASSING:	369792
FAIL_LEFT:	254183
FAIL_RIGHT:	255440
FAIL_BOTH:	120585
-------------------
offset value: 1.0E8
random scale: 1.0E8
Iteration 0 ---
Iteration 100000 ---
Iteration 200000 ---
Iteration 300000 ---
Iteration 400000 ---
Iteration 500000 ---
Iteration 600000 ---
Iteration 700000 ---
Iteration 800000 ---
Iteration 900000 ---
Test done ---
maxCond:       9.989785552523808E8
ulp(maxCond):  1.1920928955078125E-7
ratioCond:     0.5842738684657004
stats(cond) :  [1000000: µ=4.3772914345843375E8 σ=1.9745469694272017E8 (45.108876092338654 %) rms=6.351838404011539E8 min=1.0034366404711986E8 max=9.989785552523808E8 sum=4.3772914345843375E14]
stats(ratio):  [631413: µ=0.08921343132786497 σ=0.07215399994537974 (80.87795623532207 %) rms=0.1613674312732447 min=5.114797182661191E-7 max=0.5842738684657004 sum=56330.520315021204]
stats(ulp(x)): [8969001: µ=2569526.1995443543 σ=5.646643445404831E9 (219754.26623033197 %) rms=5.649212971604375E9 min=7.815092177779856E-9 max=1.4886636042236434E13 sum=2.304608305323951E13]
result stats:
PASSING:	368587
FAIL_LEFT:	255639
FAIL_RIGHT:	256610
FAIL_BOTH:	119164
-------------------
offset value: 1.0E9
random scale: 1.0E9
Iteration 0 ---
Iteration 100000 ---
Iteration 200000 ---
Iteration 300000 ---
Iteration 400000 ---
Iteration 500000 ---
Iteration 600000 ---
Iteration 700000 ---
Iteration 800000 ---
Iteration 900000 ---
Test done ---
maxCond:       9.989785552523806E9
ulp(maxCond):  1.9073486328125E-6
ratioCond:     0.6825521441375072
stats(cond) :  [1000000: µ=4.377291434584121E9 σ=1.974546969427232E9 (45.108876092341575 %) rms=6.351838404011353E9 min=1.0034366404711986E9 max=9.989785552523806E9 sum=4.377291434584121E15]
stats(ratio):  [630835: µ=0.09245601060465428 σ=0.07794095248603991 (84.30057924445674 %) rms=0.1703969630906942 min=4.708459798401369E-7 max=0.6825521441375072 sum=58324.48744978708]
stats(ulp(x)): [9599836: µ=2400674.6890633754 σ=5.457961853275207E9 (227351.16415979847 %) rms=5.46036252796427E9 min=7.815092177779856E-9 max=1.4886636042236434E13 sum=2.30460833043594E13]
result stats:
PASSING:	369165
FAIL_LEFT:	255150
FAIL_RIGHT:	255509
FAIL_BOTH:	120176
-------------------
offset value: 1.0E10
random scale: 1.0E10
Iteration 0 ---
Iteration 100000 ---
Iteration 200000 ---
Iteration 300000 ---
Iteration 400000 ---
Iteration 500000 ---
Iteration 600000 ---
Iteration 700000 ---
Iteration 800000 ---
Iteration 900000 ---
Test done ---
maxCond:       9.989785552523807E10
ulp(maxCond):  1.52587890625E-5
ratioCond:     0.6879042069759466
stats(cond) :  [1000000: µ=4.3772914345843346E10 σ=1.9745469694272682E10 (45.1088760923402 %) rms=6.351838404011603E10 min=1.0034366404711983E10 max=9.989785552523807E10 sum=4.3772914345843344E16]
stats(ratio):  [628645: µ=0.09706779131226799 σ=0.080668039121273 (83.10484665481175 %) rms=0.177735830433541 min=3.2622736695370696E-7 max=0.6879042069759466 sum=61021.18166950071]
stats(ulp(x)): [10228481: µ=2253128.6449302235 σ=5.287578556685113E9 (234677.17072359455 %) rms=5.289831685330043E9 min=7.815092177779856E-9 max=1.4886636042236434E13 sum=2.3046083535224535E13]
result stats:
PASSING:	371355
FAIL_LEFT:	253918
FAIL_RIGHT:	254687
FAIL_BOTH:	120040
-------------------
offset value: 1.0E11
random scale: 1.0E11
Iteration 0 ---
Iteration 100000 ---
Iteration 200000 ---
Iteration 300000 ---
Iteration 400000 ---
Iteration 500000 ---
Iteration 600000 ---
Iteration 700000 ---
Iteration 800000 ---
Iteration 900000 ---
Test done ---
maxCond:       9.989785552523807E11
ulp(maxCond):  1.220703125E-4
ratioCond:     0.5985042516834279
stats(cond) :  [1000000: µ=4.3772914345843616E11 σ=1.9745469694272357E11 (45.10887609233917 %) rms=6.351838404011597E11 min=1.0034366404711987E11 max=9.989785552523807E11 sum=4.3772914345843616E17]
stats(ratio):  [629675: µ=0.09009153996008976 σ=0.07272645541580912 (80.72506635809165 %) rms=0.16281799537589886 min=3.286387162690649E-7 max=0.5985042516834279 sum=56728.390424369514]
stats(ulp(x)): [10858156: µ=2122467.551902883 σ=5.13197304530096E9 (241792.7680778877 %) rms=5.134095512852862E9 min=7.815092177779856E-9 max=1.4886636042236434E13 sum=2.30460837834996E13]
result stats:
PASSING:	370325
FAIL_LEFT:	255301
FAIL_RIGHT:	255318
FAIL_BOTH:	119056
-------------------
offset value: 1.0E12
random scale: 1.0E12
Iteration 0 ---
Iteration 100000 ---
Iteration 200000 ---
Iteration 300000 ---
Iteration 400000 ---
Iteration 500000 ---
Iteration 600000 ---
Iteration 700000 ---
Iteration 800000 ---
Iteration 900000 ---
Test done ---
maxCond:       9.989785552523807E12
ulp(maxCond):  0.001953125
ratioCond:     0.7042107016761983
stats(cond) :  [1000000: µ=4.377291434584429E12 σ=1.9745469694272036E12 (45.10887609233775 %) rms=6.351838404011633E12 min=1.0034366404711987E12 max=9.989785552523807E12 sum=4.3772914345844291E18]
stats(ratio):  [619847: µ=0.09171013579731754 σ=0.07679889905503492 (83.74090648471294 %) rms=0.16850903485235247 min=7.319066356683279E-7 max=0.7042107016761983 sum=56846.25254355989]
stats(ulp(x)): [11478003: µ=2007847.8837722992 σ=4.991478894001371E9 (248598.45879477155 %) rms=4.993486741885143E9 min=7.815092177779856E-9 max=1.4886636042236434E13 sum=2.30460840334821E13]
result stats:
PASSING:	380153
FAIL_LEFT:	254239
FAIL_RIGHT:	249630
FAIL_BOTH:	115978
-------------------
offset value: 1.0E13
random scale: 1.0E13
Iteration 0 ---
Iteration 100000 ---
Iteration 200000 ---
Iteration 300000 ---
Iteration 400000 ---
Iteration 500000 ---
Iteration 600000 ---
Iteration 700000 ---
Iteration 800000 ---
Iteration 900000 ---
Test done ---
maxCond:       9.989785552523806E13
ulp(maxCond):  0.015625
ratioCond:     0.6417051517262491
stats(cond) :  [1000000: µ=4.3772914345846375E13 σ=1.97454696942721E13 (45.108876092335755 %) rms=6.351838404011848E13 min=1.0034366404711984E13 max=9.989785552523806E13 sum=4.3772914345846374E19]
stats(ratio):  [543998: µ=0.09611699819479519 σ=0.08149690137211323 (84.78927026720893 %) rms=0.17761389956690843 min=3.7335849737554556E-7 max=0.6417051517262491 sum=52287.45478397219]
stats(ulp(x)): [12022001: µ=1916992.3741214974 σ=4.877238876374685E9 (254421.40209920154 %) rms=4.879155868748807E9 min=7.815092177779856E-9 max=1.4886636042236434E13 sum=2.3046084238681016E13]
result stats:
PASSING:	456002
FAIL_LEFT:	244998
FAIL_RIGHT:	214349
FAIL_BOTH:	84651
-------------------
offset value: 1.0E14
random scale: 1.0E14
Iteration 0 ---
Iteration 100000 ---
Iteration 200000 ---
Iteration 300000 ---
Iteration 400000 ---
Iteration 500000 ---
Iteration 600000 ---
Iteration 700000 ---
Iteration 800000 ---
Iteration 900000 ---
Test done ---
maxCond:       9.989785552523806E14
ulp(maxCond):  0.125
ratioCond:     0.561979690195054
stats(cond) :  [1000000: µ=4.3772914345844456E14 σ=1.9745469694272506E14 (45.108876092338654 %) rms=6.351838404011696E14 min=1.0034366404711994E14 max=9.989785552523806E14 sum=4.3772914345844454E20]
stats(ratio):  [317245: µ=0.0998570909053287 σ=0.07834173580597259 (78.45385349774097 %) rms=0.17819882671130127 min=1.2789499081854848E-8 max=0.561979690195054 sum=31679.162804261003]
stats(ulp(x)): [12339246: µ=1867706.0486668076 σ=4.814133127808334E9 (257756.467150959 %) rms=4.816000833857001E9 min=7.815092177779856E-9 max=1.4886636042236434E13 sum=2.304608439018771E13]
result stats:
PASSING:	682755
FAIL_LEFT:	160258
FAIL_RIGHT:	155727
FAIL_BOTH:	1260
-------------------
offset value: 1.0E15
random scale: 1.0E15
Iteration 0 ---
Iteration 100000 ---
Iteration 200000 ---
Iteration 300000 ---
Iteration 400000 ---
Iteration 500000 ---
Iteration 600000 ---
Iteration 700000 ---
Iteration 800000 ---
Iteration 900000 ---
Test done ---
maxCond:       9.989785552523806E15
ulp(maxCond):  2.0
ratioCond:     0.69165167529324
stats(cond) :  [1000000: µ=4.3772914345844535E15 σ=1.9745469694272782E15 (45.10887609233921 %) rms=6.351838404011732E15 min=1.003436640471199E15 max=9.989785552523806E15 sum=4.3772914345844534E21]
stats(ratio):  [312563: µ=0.0985939575700296 σ=0.07997526403454883 (81.11578640886158 %) rms=0.17856922160457844 min=1.363472198682154E-7 max=0.69165167529324 sum=30816.823159961164]
stats(ulp(x)): [12651809: µ=1821564.3747667107 σ=4.754294652547778E9 (261000.63870411745 %) rms=4.7561162169225445E9 min=7.815092177779856E-9 max=1.4886636042236434E13 sum=2.3046084550752844E13]
result stats:
PASSING:	687437
FAIL_LEFT:	155896
FAIL_RIGHT:	156667
FAIL_BOTH:	0
-------------------
offset value: 1.0E16
random scale: 1.0E16
Iteration 0 ---
Iteration 100000 ---
Iteration 200000 ---
Iteration 300000 ---
Iteration 400000 ---
Iteration 500000 ---
Iteration 600000 ---
Iteration 700000 ---
Iteration 800000 ---
Iteration 900000 ---
Test done ---
maxCond:       9.989785552523808E16
ulp(maxCond):  16.0
ratioCond:     0.6702784061064431
stats(cond) :  [1000000: µ=4.377291434584228E16 σ=1.9745469694271968E16 (45.10887609233967 %) rms=6.3518384040114248E16 min=1.0034366404711984E16 max=9.989785552523808E16 sum=4.377291434584228E22]
stats(ratio):  [312283: µ=0.10378449846041857 σ=0.08551329515491153 (82.39505554630075 %) rms=0.1892977936153301 min=7.92268439332345E-8 max=0.6702784061064431 sum=32410.134532714892]
stats(ulp(x)): [12964092: µ=1777685.9873079825 σ=4.696684157314276E9 (264202.1251698475 %) rms=4.698461843301583E9 min=7.815092177779856E-9 max=1.4886636042236434E13 sum=2.304608468657152E13]
result stats:
PASSING:	687717
FAIL_LEFT:	155951
FAIL_RIGHT:	156332
FAIL_BOTH:	0
FindExtremaAccuracyTest: done
-------------------

