diff_of_products: [0.3421715050879196, 0.0]
d_alt:     0.3421715050879196
d_alt_err: 0.0
sqrt(d): 0.5849542760660185
b:       -0.9059884488236355
q: 0.745471362444827
r2: 0.16051708637880854
b2: 0.8208150694018572
b2-4ac: 0.34217150508791966
Same magnitude ?
r2_alt: 0.16051708637880854
delta_r: 0.0
r2_alt2: 0.16051708637880854
delta_r2: 0.0
t[0]: 0.745471362444827 x(t) = 5.960464477539062E-7
eps(x): 5.960464477539062E-7
t[0]: 0.745471362444827 x(t) = 5.960464477539062E-7 dx(t) = 3.8600472624138794E9
t[-5 ulp]: 0.7454713624448265 x(t) = -1.6689300537109375E-6 (xt > 0.0): false
t[-4 ulp]: 0.7454713624448266 x(t) = -1.0728836059570312E-6 (xt > 0.0): false
t[-3 ulp]: 0.7454713624448267 x(t) = -4.76837158203125E-7 (xt > 0.0): false
t[-2 ulp]: 0.7454713624448268 x(t) = 1.1920928955078125E-7 (xt > 0.0): true
t[-1 ulp]: 0.7454713624448269 x(t) = 0.0 (xt > 0.0): false
t[0 ulp]: 0.745471362444827 x(t) = 5.960464477539062E-7 (xt > 0.0): true
t[1 ulp]: 0.7454713624448271 x(t) = 1.1920928955078125E-6 (xt > 0.0): true
t[2 ulp]: 0.7454713624448273 x(t) = 1.7881393432617188E-6 (xt > 0.0): true
t[3 ulp]: 0.7454713624448274 x(t) = 1.6689300537109375E-6 (xt > 0.0): true
t[4 ulp]: 0.7454713624448275 x(t) = 2.2649765014648438E-6 (xt > 0.0): true
t[5 ulp]: 0.7454713624448276 x(t) = 2.86102294921875E-6 (xt > 0.0): true
t[1]: 0.16051708637880854 x(t) = 1.1920928955078125E-7
eps(x): 1.1920928955078125E-7
t[1]: 0.16051708637880854 x(t) = 1.1920928955078125E-7 dx(t) = -3.8600472624138775E9
t[-5 ulp]: 0.1605170863788084 x(t) = 7.152557373046875E-7 (xt > 0.0): true
t[-4 ulp]: 0.16051708637880843 x(t) = 5.960464477539062E-7 (xt > 0.0): true
t[-3 ulp]: 0.16051708637880846 x(t) = 3.5762786865234375E-7 (xt > 0.0): true
t[-2 ulp]: 0.1605170863788085 x(t) = 2.384185791015625E-7 (xt > 0.0): true
t[-1 ulp]: 0.16051708637880852 x(t) = 2.384185791015625E-7 (xt > 0.0): true
t[0 ulp]: 0.16051708637880854 x(t) = 1.1920928955078125E-7 (xt > 0.0): true
t[1 ulp]: 0.16051708637880857 x(t) = 0.0 (xt > 0.0): false
t[2 ulp]: 0.1605170863788086 x(t) = -1.1920928955078125E-7 (xt > 0.0): false
t[3 ulp]: 0.16051708637880863 x(t) = -1.1920928955078125E-7 (xt > 0.0): false
t[4 ulp]: 0.16051708637880865 x(t) = -2.384185791015625E-7 (xt > 0.0): false
t[5 ulp]: 0.16051708637880868 x(t) = -3.5762786865234375E-7 (xt > 0.0): false
