d:      1.4899964868068868E19
d+1ulp: 1.489996486806887E19
diff_of_products: [1.4899964868068868E19, 1015.7987861633301]
d_alt:     1.4899964868068868E19
d_alt_err: 1015.7987861633301
sqrt(d): 3.8600472624138775E9
b:       -5.978515543436386E9
q: 4.919281402925132E9
r2: 0.16051708637880857
b2: 3.5742648103110468E19
b2-4ac: 1.4899964868068868E19
Same magnitude ?
r2_alt: 0.16051708637880857
delta_r: 0.0
r2_alt2: 0.16051708637880857
delta_r2: 0.0
t[0]: 0.7454713624448269 x(t) = 0.0
eps(x): 0.0
t[0]: 0.7454713624448269 x(t) = 0.0 dx(t) = 3.8600472624138775E9
t[-5 ulp]: 0.7454713624448264 x(t) = -2.2649765014648438E-6 (xt > 0.0): false
t[-4 ulp]: 0.7454713624448265 x(t) = -1.6689300537109375E-6 (xt > 0.0): false
t[-3 ulp]: 0.7454713624448266 x(t) = -1.0728836059570312E-6 (xt > 0.0): false
t[-2 ulp]: 0.7454713624448267 x(t) = -4.76837158203125E-7 (xt > 0.0): false
t[-1 ulp]: 0.7454713624448268 x(t) = 1.1920928955078125E-7 (xt > 0.0): true
t[0 ulp]: 0.7454713624448269 x(t) = 0.0 (xt > 0.0): false
t[1 ulp]: 0.745471362444827 x(t) = 5.960464477539062E-7 (xt > 0.0): true
t[2 ulp]: 0.7454713624448271 x(t) = 1.1920928955078125E-6 (xt > 0.0): true
t[3 ulp]: 0.7454713624448273 x(t) = 1.7881393432617188E-6 (xt > 0.0): true
t[4 ulp]: 0.7454713624448274 x(t) = 1.6689300537109375E-6 (xt > 0.0): true
t[5 ulp]: 0.7454713624448275 x(t) = 2.2649765014648438E-6 (xt > 0.0): true
t[1]: 0.16051708637880857 x(t) = 0.0
eps(x): 0.0
t[1]: 0.16051708637880857 x(t) = 0.0 dx(t) = -3.8600472624138775E9
t[-5 ulp]: 0.16051708637880843 x(t) = 5.960464477539062E-7 (xt > 0.0): true
t[-4 ulp]: 0.16051708637880846 x(t) = 3.5762786865234375E-7 (xt > 0.0): true
t[-3 ulp]: 0.1605170863788085 x(t) = 2.384185791015625E-7 (xt > 0.0): true
t[-2 ulp]: 0.16051708637880852 x(t) = 2.384185791015625E-7 (xt > 0.0): true
t[-1 ulp]: 0.16051708637880854 x(t) = 1.1920928955078125E-7 (xt > 0.0): true
t[0 ulp]: 0.16051708637880857 x(t) = 0.0 (xt > 0.0): false
t[1 ulp]: 0.1605170863788086 x(t) = -1.1920928955078125E-7 (xt > 0.0): false
t[2 ulp]: 0.16051708637880863 x(t) = -1.1920928955078125E-7 (xt > 0.0): false
t[3 ulp]: 0.16051708637880865 x(t) = -2.384185791015625E-7 (xt > 0.0): false
t[4 ulp]: 0.16051708637880868 x(t) = -3.5762786865234375E-7 (xt > 0.0): false
t[5 ulp]: 0.1605170863788087 x(t) = -4.76837158203125E-7 (xt > 0.0): false
