julia version 1.4.1
Running main_poly.jl
coeff: [0.0, 7.89628717875e8, -2.989257771718193e9, 2.199629053843193e9]
dcoeff: [7.89628717875e8, -5.978515543436386e9, 6.598887161529579e9]

d: 1.4899964868068868e19
sqrt(d): 3.860047262413877e9
q: 4.919281402925132e9
r: 0.7454713624448269
r2: 0.16051708637880857

roots:    0.7454713624448269
d: 1.4899964868068868e19
ed: 544.6079018602613
sqrt(d): 3.860047262413877e9
q: 4.919281402925132e9
r: 0.7454713624448269
r2: 0.16051708637880857

roots_HA: 0.7454713624448269

t: 0.161 horner: 5.882534301461949e7 exthorner: (5.882534301461949e7, 3.922849375281716e-10) delta: 0.0 ulp: 0.0

java bd: 5.882534301461949239452362060546875
java  d: 5.8825792859153755E7
julia  : 5.882534301461949e7

julia> x = coeffs[1] + t * (coeffs[2] + t * (coeffs[3] + t * coeffs[4]))
naive:   5.882534301461949e7

polynom [0..1]
t: 0.01 horner: 7.599561030632024e6 exthorner: (7.599561030632024e6, 3.4011923258680847e-10) delta: 0.0 ulp: 0.0
t: 0.02 horner: 1.4614468281243468e7 exthorner: (1.4614468281243468e7, 8.993590464241103e-10) delta: 0.0 ulp: 0.0
t: 0.03 horner: 2.105791952615739e7 exthorner: (2.105791952615739e7, 1.4532895336202445e-9) delta: 0.0 ulp: 0.0
t: 0.04 horner: 2.6943112539696857e7 exthorner: (2.6943112539696857e7, -1.397268385482382e-9) delta: 0.0 ulp: 0.0
t: 0.05 horner: 3.2283245096184917e7 exthorner: (3.2283245096184917e7, 1.1097400115706164e-9) delta: 0.0 ulp: 0.0
t: 0.06 horner: 3.709151496994463e7 exthorner: (3.709151496994463e7, 1.5151988383460913e-10) delta: 0.0 ulp: 0.0
t: 0.07 horner: 4.138111993529907e7 exthorner: (4.138111993529907e7, 3.2502991437018815e-9) delta: 0.0 ulp: 0.0
t: 0.08 horner: 4.516525776657128e7 exthorner: (4.5165257766571276e7, 3.995831067519015e-9) delta: 7.450580596923828e-9 ulp: 1.0
t: 0.09 horner: 4.845712623808432e7 exthorner: (4.845712623808432e7, -7.226435297029094e-10) delta: 0.0 ulp: 0.0
t: 0.1 horner: 5.1269923124161266e7 exthorner: (5.1269923124161266e7, -1.8473665267157036e-9) delta: 0.0 ulp: 0.0
t: 0.11 horner: 5.3616846199125156e7 exthorner: (5.3616846199125156e7, -1.689618815756963e-9) delta: 0.0 ulp: 0.0
t: 0.12 horner: 5.551109323729906e7 exthorner: (5.551109323729906e7, -5.4371158842621434e-9) delta: 0.0 ulp: 0.0
t: 0.13 horner: 5.696586201300604e7 exthorner: (5.696586201300604e7, -5.8892688195205884e-9) delta: 0.0 ulp: 0.0
t: 0.14 horner: 5.799435030056913e7 exthorner: (5.799435030056913e7, 7.00013518446799e-9) delta: 0.0 ulp: 0.0
t: 0.15 horner: 5.860975587431144e7 exthorner: (5.860975587431144e7, -7.083941461727181e-9) delta: 0.0 ulp: 0.0
t: 0.16 horner: 5.8825276508555986e7 exthorner: (5.8825276508555986e7, -9.418032613520691e-9) delta: 0.0 ulp: 0.0
t: 0.17 horner: 5.8654109977625825e7 exthorner: (5.8654109977625825e7, 3.2580884624624617e-9) delta: 0.0 ulp: 0.0
t: 0.18 horner: 5.810945405584405e7 exthorner: (5.810945405584405e7, -6.205745140905942e-9) delta: 0.0 ulp: 0.0
t: 0.19 horner: 5.720450651753368e7 exthorner: (5.720450651753368e7, 9.375459003247553e-9) delta: 0.0 ulp: 0.0
t: 0.2 horner: 5.5952465137017824e7 exthorner: (5.5952465137017824e7, -3.0679529178356155e-9) delta: 0.0 ulp: 0.0
t: 0.21 horner: 5.436652768861951e7 exthorner: (5.436652768861951e7, -1.079573239753017e-8) delta: 0.0 ulp: 0.0
t: 0.22 horner: 5.245989194666177e7 exthorner: (5.245989194666178e7, -2.205483026490566e-9) delta: 7.450580596923828e-9 ulp: 1.0
t: 0.23 horner: 5.024575568546772e7 exthorner: (5.024575568546771e7, 2.3805473586134975e-9) delta: 7.450580596923828e-9 ulp: 1.0
t: 0.24 horner: 4.7737316679360375e7 exthorner: (4.7737316679360375e7, 8.405794277287528e-9) delta: 0.0 ulp: 0.0
t: 0.25 horner: 4.4947772702662826e7 exthorner: (4.4947772702662826e7, 0.0) delta: 0.0 ulp: 0.0
t: 0.26 horner: 4.189032152969812e7 exthorner: (4.18903215296981e7, 4.159803219154227e-9) delta: 1.4901161193847656e-8 ulp: 2.0
t: 0.27 horner: 3.857816093478928e7 exthorner: (3.857816093478927e7, 1.897010589272487e-8) delta: 7.450580596923828e-9 ulp: 1.0
t: 0.28 horner: 3.502448869225943e7 exthorner: (3.502448869225942e7, 5.262906994067441e-9) delta: 7.450580596923828e-9 ulp: 1.0
t: 0.29 horner: 3.1242502576431595e7 exthorner: (3.1242502576431606e7, 1.353077805719647e-9) delta: 1.1175870895385742e-8 ulp: 3.0
t: 0.3 horner: 2.724540036162884e7 exthorner: (2.724540036162883e7, 1.170476154908344e-8) delta: 1.1175870895385742e-8 ulp: 3.0
t: 0.31 horner: 2.3046379822174232e7 exthorner: (2.3046379822174214e7, -1.1037418751074507e-9) delta: 1.862645149230957e-8 ulp: 5.0
t: 0.32 horner: 1.8658638732390765e7 exthorner: (1.8658638732390787e7, -9.18520812118305e-9) delta: 2.2351741790771484e-8 ulp: 6.0
t: 0.33 horner: 1.4095374866601603e7 exthorner: (1.40953748666016e7, -1.4162191865520008e-9) delta: 3.725290298461914e-9 ulp: 2.0
t: 0.34 horner: 9.369785999129757e6 exthorner: (9.369785999129713e6, 1.84254817375294e-8) delta: 4.470348358154297e-8 ulp: 24.0
t: 0.35000000000000003 horner: 4.495069904298228e6 exthorner: (4.495069904298228e6, 8.377925900570237e-9) delta: 0.0 ulp: 0.0
t: 0.36 horner: -515575.6435697694 exthorner: (-515575.64356975077, -4.715776342584201e-8) delta: 1.862645149230957e-8 ulp: 320.0
t: 0.37 horner: -5.64895287015138e6 exthorner: (-5.648952870151379e6, 1.0105137519001165e-8) delta: 9.313225746154785e-10 ulp: 1.0
t: 0.38 horner: -1.0891864001123378e7 exthorner: (-1.0891864001123384e7, -6.465792686229735e-9) delta: 5.587935447692871e-9 ulp: 3.0
t: 0.39 horner: -1.6231111262162799e7 exthorner: (-1.6231111262162792e7, -1.0368215156003057e-8) delta: 7.450580596923828e-9 ulp: 4.0
t: 0.4 horner: -2.1653496878946554e7 exthorner: (-2.1653496878946543e7, -2.5859053577286636e-9) delta: 1.1175870895385742e-8 ulp: 3.0
t: 0.41000000000000003 horner: -2.714582307715158e7 exthorner: (-2.7145823077151537e7, -2.4149509467281995e-8) delta: 4.470348358154297e-8 ulp: 12.0
t: 0.42 horner: -3.2694892082454767e7 exthorner: (-3.269489208245475e7, -1.0647274677599293e-8) delta: 1.862645149230957e-8 ulp: 5.0
t: 0.43 horner: -3.828750612053312e7 exthorner: (-3.828750612053314e7, -3.310650959679239e-9) delta: 1.4901161193847656e-8 ulp: 2.0
t: 0.44 horner: -4.3910467417063616e7 exthorner: (-4.391046741706363e7, 1.1702340792012748e-8) delta: 1.4901161193847656e-8 ulp: 2.0
t: 0.45 horner: -4.9550578197723135e7 exthorner: (-4.955057819772313e7, -4.776300449167813e-9) delta: 7.450580596923828e-9 ulp: 1.0
t: 0.46 horner: -5.519464068818864e7 exthorner: (-5.519464068818861e7, -9.958189143703295e-9) delta: 2.9802322387695312e-8 ulp: 4.0
t: 0.47000000000000003 horner: -6.0829457114137016e7 exthorner: (-6.082945711413709e7, 6.129680203869542e-8) delta: 7.450580596923828e-8 ulp: 10.0
t: 0.48 horner: -6.644182970124528e7 exthorner: (-6.644182970124521e7, -5.243085683392844e-8) delta: 6.705522537231445e-8 ulp: 9.0
t: 0.49 horner: -7.20185606751903e7 exthorner: (-7.201856067519031e7, -1.3095816230070258e-8) delta: 1.4901161193847656e-8 ulp: 1.0
t: 0.5 horner: -7.754645226164913e7 exthorner: (-7.754645226164913e7, 0.0) delta: 0.0 ulp: 0.0
t: 0.51 horner: -8.301230668629864e7 exthorner: (-8.301230668629864e7, 2.2194396798876127e-8) delta: 0.0 ulp: 0.0
t: 0.52 horner: -8.84029261748157e7 exthorner: (-8.840292617481567e7, -5.27358522324008e-8) delta: 2.9802322387695312e-8 ulp: 2.0
t: 0.53 horner: -9.370511295287739e7 exthorner: (-9.37051129528774e7, 1.1712733965706357e-8) delta: 1.4901161193847656e-8 ulp: 1.0
t: 0.54 horner: -9.890566924616057e7 exthorner: (-9.890566924616058e7, 1.9909961831152742e-8) delta: 1.4901161193847656e-8 ulp: 1.0
t: 0.55 horner: -1.039913972803422e8 exthorner: (-1.0399139728034218e8, -2.5694429039167563e-10) delta: 2.9802322387695312e-8 ulp: 2.0
t: 0.56 horner: -1.0894909928109916e8 exthorner: (-1.0894909928109917e8, -5.999598859409269e-9) delta: 1.4901161193847656e-8 ulp: 1.0
t: 0.5700000000000001 horner: -1.137655774741085e8 exthorner: (-1.137655774741085e8, 7.669000820746208e-10) delta: 0.0 ulp: 0.0
t: 0.58 horner: -1.1842763408504705e8 exthorner: (-1.1842763408504704e8, -5.525179117498249e-9) delta: 1.4901161193847656e-8 ulp: 1.0
t: 0.59 horner: -1.229220713395918e8 exthorner: (-1.2292207133959182e8, -2.6123361915679102e-8) delta: 1.4901161193847656e-8 ulp: 1.0
t: 0.6 horner: -1.2723569146341977e8 exthorner: (-1.2723569146341977e8, -2.5203048864859506e-8) delta: 0.0 ulp: 0.0
t: 0.61 horner: -1.3135529668220782e8 exthorner: (-1.3135529668220782e8, -4.679338007064804e-9) delta: 0.0 ulp: 0.0
t: 0.62 horner: -1.3526768922163293e8 exthorner: (-1.3526768922163293e8, 3.353267261567966e-8) delta: 0.0 ulp: 0.0
t: 0.63 horner: -1.3895967130737188e8 exthorner: (-1.3895967130737188e8, -4.659256578328034e-8) delta: 0.0 ulp: 0.0
t: 0.64 horner: -1.424180451651019e8 exthorner: (-1.4241804516510186e8, -2.3452733338255324e-8) delta: 2.9802322387695312e-8 ulp: 1.0
t: 0.65 horner: -1.456296130204997e8 exthorner: (-1.456296130204997e8, 2.6531265939491093e-8) delta: 0.0 ulp: 0.0
t: 0.66 horner: -1.4858117709924233e8 exthorner: (-1.4858117709924236e8, 8.654317281408592e-8) delta: 2.9802322387695312e-8 ulp: 1.0
t: 0.67 horner: -1.512595396270066e8 exthorner: (-1.512595396270066e8, -9.24488388882041e-9) delta: 0.0 ulp: 0.0
t: 0.68 horner: -1.5365150282946962e8 exthorner: (-1.5365150282946962e8, 2.0374060471852234e-8) delta: 0.0 ulp: 0.0
t: 0.6900000000000001 horner: -1.5574386893230826e8 exthorner: (-1.5574386893230823e8, 9.572134721754299e-9) delta: 2.9802322387695312e-8 ulp: 1.0
t: 0.7000000000000001 horner: -1.5752344016119936e8 exthorner: (-1.575234401611993e8, -8.826924276268253e-8) delta: 5.960464477539063e-8 ulp: 2.0
t: 0.71 horner: -1.5897701874182004e8 exthorner: (-1.5897701874182007e8, 2.2336392446425656e-8) delta: 2.9802322387695312e-8 ulp: 1.0
t: 0.72 horner: -1.6009140689984718e8 exthorner: (-1.600914068998472e8, 5.375616990444236e-8) delta: 2.9802322387695312e-8 ulp: 1.0
t: 0.73 horner: -1.608534068609577e8 exthorner: (-1.6085340686095768e8, 3.694816035431446e-8) delta: 2.9802322387695312e-8 ulp: 1.0
t: 0.74 horner: -1.612498208508284e8 exthorner: (-1.612498208508284e8, -4.490389543983106e-8) delta: 0.0 ulp: 0.0
t: 0.75 horner: -1.6126745109513652e8 exthorner: (-1.6126745109513652e8, 0.0) delta: 0.0 ulp: 0.0
t: 0.76 horner: -1.6089309981955883e8 exthorner: (-1.6089309981955886e8, 6.54366202748487e-8) delta: 2.9802322387695312e-8 ulp: 1.0
t: 0.77 horner: -1.6011356924977216e8 exthorner: (-1.6011356924977216e8, -4.422422817732983e-8) delta: 0.0 ulp: 0.0
t: 0.78 horner: -1.5891566161145368e8 exthorner: (-1.5891566161145368e8, -1.7973258327760138e-8) delta: 0.0 ulp: 0.0
t: 0.79 horner: -1.5728617913028026e8 exthorner: (-1.5728617913028026e8, 3.7966303424598834e-8) delta: 0.0 ulp: 0.0
t: 0.8 horner: -1.5521192403192875e8 exthorner: (-1.5521192403192875e8, 4.717355306848345e-8) delta: 0.0 ulp: 0.0
t: 0.81 horner: -1.5267969854207605e8 exthorner: (-1.5267969854207605e8, -3.697009101967458e-8) delta: 0.0 ulp: 0.0
t: 0.8200000000000001 horner: -1.4967630488639933e8 exthorner: (-1.4967630488639933e8, 7.137691025814235e-9) delta: 0.0 ulp: 0.0
t: 0.8300000000000001 horner: -1.4618854529057539e8 exthorner: (-1.461885452905754e8, 7.327367280599097e-8) delta: 2.9802322387695312e-8 ulp: 1.0
t: 0.84 horner: -1.4220322198028105e8 exthorner: (-1.4220322198028105e8, -8.124919127436823e-8) delta: 0.0 ulp: 0.0
t: 0.85 horner: -1.3770713718119353e8 exthorner: (-1.377071371811935e8, -5.705176413426811e-8) delta: 2.9802322387695312e-8 ulp: 1.0
t: 0.86 horner: -1.326870931189896e8 exthorner: (-1.326870931189896e8, 1.308436627286656e-8) delta: 0.0 ulp: 0.0
t: 0.87 horner: -1.2712989201934624e8 exthorner: (-1.2712989201934627e8, 9.74417795173151e-8) delta: 2.9802322387695312e-8 ulp: 2.0
t: 0.88 horner: -1.2102233610794026e8 exthorner: (-1.2102233610794015e8, -8.901668512605328e-8) delta: 1.043081283569336e-7 ulp: 7.0
t: 0.89 horner: -1.1435122761044873e8 exthorner: (-1.143512276104487e8, -4.15666451084436e-8) delta: 2.9802322387695312e-8 ulp: 2.0
t: 0.9 horner: -1.0710336875254866e8 exthorner: (-1.0710336875254866e8, 4.416170600809925e-8) delta: 0.0 ulp: 0.0
t: 0.91 horner: -9.92655617599168e7 exthorner: (-9.926556175991686e7, 4.704398063076868e-8) delta: 5.960464477539063e-8 ulp: 4.0
t: 0.92 horner: -9.08246088582302e7 exthorner: (-9.082460885823023e7, -1.993375808861299e-8) delta: 2.9802322387695312e-8 ulp: 2.0
t: 0.93 horner: -8.17673122731659e7 exthorner: (-8.176731227316594e7, 4.992964852179608e-8) delta: 4.470348358154297e-8 ulp: 3.0
t: 0.9400000000000001 horner: -7.208047423040062e7 exthorner: (-7.208047423040071e7, 4.6102845706103387e-8) delta: 8.940696716308594e-8 ulp: 6.0
t: 0.9500000000000001 horner: -6.175089695561154e7 exthorner: (-6.1750896955611475e7, -4.0779845174640266e-8) delta: 6.705522537231445e-8 ulp: 9.0
t: 0.96 horner: -5.0765382674475476e7 exthorner: (-5.076538267447551e7, 4.439452961203139e-9) delta: 3.725290298461914e-8 ulp: 5.0
t: 0.97 horner: -3.911073361266938e7 exthorner: (-3.911073361266933e7, -1.593329924264228e-8) delta: 5.21540641784668e-8 ulp: 7.0
t: 0.98 horner: -2.677375199587006e7 exthorner: (-2.677375199586995e7, -1.2525375836688733e-7) delta: 1.1175870895385742e-7 ulp: 30.0
t: 0.99 horner: -1.3741240049754698e7 exthorner: (-1.3741240049754802e7, 1.5512542604802954e-7) delta: 1.043081283569336e-7 ulp: 56.0
t: 1.0 horner: 0.0 exthorner: (0.0, 0.0) delta: 0.0 ulp: 0.0

